{"/home/azhar/AZHAR DATA/Azhar Hussain/Testing proj/assignment/github-user-search/src/elements/Button/index.tsx": {"path":"/home/azhar/AZHAR DATA/Azhar Hussain/Testing proj/assignment/github-user-search/src/elements/Button/index.tsx","statementMap":{"0":{"start":{"line":1,"column":0},"end":{"line":1,"column":48}},"1":{"start":{"line":2,"column":0},"end":{"line":2,"column":53}},"2":{"start":{"line":9,"column":15},"end":{"line":25,"column":null}},"3":{"start":{"line":13,"column":6},"end":{"line":13,"column":null}},"4":{"start":{"line":15,"column":4},"end":{"line":15,"column":null}},"5":{"start":{"line":17,"column":4},"end":{"line":17,"column":null}},"6":{"start":{"line":21,"column":4},"end":{"line":25,"column":null}},"7":{"start":{"line":28,"column":0},"end":{"line":28,"column":22}}},"fnMap":{"0":{"name":"(anonymous_7)","decl":{"start":{"line":12,"column":6},"end":{"line":12,"column":7}},"loc":{"start":{"line":12,"column":12},"end":{"line":13,"column":11}}},"1":{"name":"(anonymous_8)","decl":{"start":{"line":14,"column":22},"end":{"line":14,"column":23}},"loc":{"start":{"line":14,"column":28},"end":{"line":15,"column":9}}},"2":{"name":"(anonymous_9)","decl":{"start":{"line":16,"column":11},"end":{"line":16,"column":12}},"loc":{"start":{"line":16,"column":17},"end":{"line":17,"column":9}}},"3":{"name":"(anonymous_10)","decl":{"start":{"line":20,"column":4},"end":{"line":20,"column":5}},"loc":{"start":{"line":20,"column":10},"end":{"line":21,"column":9}}}},"branchMap":{"0":{"loc":{"start":{"line":9,"column":31},"end":{"line":9,"column":45}},"type":"binary-expr","locations":[{"start":{"line":9,"column":31},"end":{"line":9,"column":45}},{"start":{"line":9,"column":31},"end":{"line":26,"column":2}}]},"1":{"loc":{"start":{"line":13,"column":22},"end":{"line":13,"column":42}},"type":"cond-expr","locations":[{"start":{"line":13,"column":22},"end":{"line":13,"column":42}},{"start":{"line":13,"column":45},"end":{"line":13,"column":67}}]},"2":{"loc":{"start":{"line":15,"column":20},"end":{"line":15,"column":34}},"type":"cond-expr","locations":[{"start":{"line":15,"column":20},"end":{"line":15,"column":34}},{"start":{"line":15,"column":37},"end":{"line":15,"column":53}}]},"3":{"loc":{"start":{"line":17,"column":20},"end":{"line":17,"column":38}},"type":"cond-expr","locations":[{"start":{"line":17,"column":20},"end":{"line":17,"column":38}},{"start":{"line":17,"column":41},"end":{"line":17,"column":61}}]},"4":{"loc":{"start":{"line":21,"column":4},"end":{"line":21,"column":18}},"type":"binary-expr","locations":[{"start":{"line":21,"column":4},"end":{"line":21,"column":18}},{"start":{"line":22,"column":4},"end":{"line":25,"column":null}}]},"5":{"loc":{"start":{"line":22,"column":7},"end":{"line":22,"column":null}},"type":"binary-expr","locations":[{"start":{"line":22,"column":7},"end":{"line":22,"column":null}},{"start":{"line":22,"column":7},"end":{"line":25,"column":null}}]}},"s":{"0":3,"1":3,"2":3,"3":41,"4":41,"5":41,"6":41,"7":3},"f":{"0":41,"1":41,"2":41,"3":41},"b":{"0":[3,3],"1":[14,27],"2":[14,27],"3":[14,27],"4":[41,0],"5":[0,0]}}
,"/home/azhar/AZHAR DATA/Azhar Hussain/Testing proj/assignment/github-user-search/src/elements/Card/index.tsx": {"path":"/home/azhar/AZHAR DATA/Azhar Hussain/Testing proj/assignment/github-user-search/src/elements/Card/index.tsx","statementMap":{"0":{"start":{"line":1,"column":0},"end":{"line":1,"column":26}},"1":{"start":{"line":2,"column":0},"end":{"line":2,"column":39}},"2":{"start":{"line":3,"column":0},"end":{"line":3,"column":53}},"3":{"start":{"line":5,"column":17},"end":{"line":9,"column":null}},"4":{"start":{"line":12,"column":15},"end":{"line":14,"column":2}},"5":{"start":{"line":16,"column":16},"end":{"line":20,"column":null}},"6":{"start":{"line":22,"column":18},"end":{"line":28,"column":null}},"7":{"start":{"line":33,"column":18},"end":{"line":35,"column":null}},"8":{"start":{"line":42,"column":13},"end":{"line":44,"column":1}},"9":{"start":{"line":42,"column":24},"end":{"line":42,"column":29}},"10":{"start":{"line":42,"column":33},"end":{"line":42,"column":46}},"11":{"start":{"line":43,"column":2},"end":{"line":43,"column":51}},"12":{"start":{"line":45,"column":0},"end":{"line":45,"column":27}},"13":{"start":{"line":46,"column":0},"end":{"line":46,"column":21}},"14":{"start":{"line":47,"column":0},"end":{"line":47,"column":23}},"15":{"start":{"line":48,"column":0},"end":{"line":48,"column":27}},"16":{"start":{"line":50,"column":0},"end":{"line":50,"column":20}}},"fnMap":{"0":{"name":"(anonymous_5)","decl":{"start":{"line":42,"column":13},"end":{"line":42,"column":14}},"loc":{"start":{"line":42,"column":46},"end":{"line":44,"column":1}}}},"branchMap":{"0":{"loc":{"start":{"line":5,"column":27},"end":{"line":5,"column":null}},"type":"binary-expr","locations":[{"start":{"line":5,"column":27},"end":{"line":5,"column":null}},{"start":{"line":5,"column":27},"end":{"line":10,"column":2}}]},"1":{"loc":{"start":{"line":12,"column":25},"end":{"line":12,"column":null}},"type":"binary-expr","locations":[{"start":{"line":12,"column":25},"end":{"line":12,"column":null}},{"start":{"line":12,"column":25},"end":{"line":14,"column":2}}]},"2":{"loc":{"start":{"line":16,"column":26},"end":{"line":16,"column":null}},"type":"binary-expr","locations":[{"start":{"line":16,"column":26},"end":{"line":16,"column":null}},{"start":{"line":16,"column":26},"end":{"line":21,"column":2}}]},"3":{"loc":{"start":{"line":22,"column":28},"end":{"line":22,"column":null}},"type":"binary-expr","locations":[{"start":{"line":22,"column":28},"end":{"line":22,"column":null}},{"start":{"line":22,"column":28},"end":{"line":31,"column":2}}]},"4":{"loc":{"start":{"line":33,"column":28},"end":{"line":33,"column":null}},"type":"binary-expr","locations":[{"start":{"line":33,"column":28},"end":{"line":33,"column":null}},{"start":{"line":33,"column":28},"end":{"line":37,"column":2}}]}},"s":{"0":2,"1":2,"2":2,"3":2,"4":2,"5":2,"6":2,"7":2,"8":2,"9":91,"10":91,"11":91,"12":2,"13":2,"14":2,"15":2,"16":2},"f":{"0":91},"b":{"0":[2,2],"1":[2,2],"2":[2,2],"3":[2,2],"4":[2,2]}}
,"/home/azhar/AZHAR DATA/Azhar Hussain/Testing proj/assignment/github-user-search/src/elements/Error/index .tsx": {"path":"/home/azhar/AZHAR DATA/Azhar Hussain/Testing proj/assignment/github-user-search/src/elements/Error/index .tsx","statementMap":{"0":{"start":{"line":1,"column":0},"end":{"line":1,"column":39}},"1":{"start":{"line":2,"column":0},"end":{"line":2,"column":44}},"2":{"start":{"line":7,"column":14},"end":{"line":9,"column":null}},"3":{"start":{"line":9,"column":26},"end":{"line":9,"column":null}},"4":{"start":{"line":12,"column":0},"end":{"line":12,"column":21}}},"fnMap":{"0":{"name":"(anonymous_2)","decl":{"start":{"line":9,"column":15},"end":{"line":9,"column":16}},"loc":{"start":{"line":9,"column":21},"end":{"line":9,"column":27}}}},"branchMap":{"0":{"loc":{"start":{"line":7,"column":25},"end":{"line":7,"column":33}},"type":"binary-expr","locations":[{"start":{"line":7,"column":25},"end":{"line":7,"column":33}},{"start":{"line":7,"column":25},"end":{"line":10,"column":2}}]},"1":{"loc":{"start":{"line":9,"column":52},"end":{"line":9,"column":58}},"type":"cond-expr","locations":[{"start":{"line":9,"column":52},"end":{"line":9,"column":58}},{"start":{"line":9,"column":61},"end":{"line":9,"column":67}}]}},"s":{"0":3,"1":3,"2":3,"3":6,"4":3},"f":{"0":6},"b":{"0":[3,3],"1":[5,1]}}
,"/home/azhar/AZHAR DATA/Azhar Hussain/Testing proj/assignment/github-user-search/src/elements/ErrorCard/index.tsx": {"path":"/home/azhar/AZHAR DATA/Azhar Hussain/Testing proj/assignment/github-user-search/src/elements/ErrorCard/index.tsx","statementMap":{"0":{"start":{"line":1,"column":0},"end":{"line":1,"column":26}},"1":{"start":{"line":3,"column":0},"end":{"line":3,"column":36}},"2":{"start":{"line":5,"column":18},"end":{"line":8,"column":1}},"3":{"start":{"line":6,"column":30},"end":{"line":6,"column":36}},"4":{"start":{"line":7,"column":2},"end":{"line":7,"column":53}},"5":{"start":{"line":9,"column":0},"end":{"line":9,"column":25}}},"fnMap":{"0":{"name":"(anonymous_1)","decl":{"start":{"line":5,"column":18},"end":{"line":5,"column":19}},"loc":{"start":{"line":5,"column":36},"end":{"line":8,"column":1}}}},"branchMap":{},"s":{"0":3,"1":3,"2":3,"3":12,"4":6,"5":3},"f":{"0":6},"b":{}}
,"/home/azhar/AZHAR DATA/Azhar Hussain/Testing proj/assignment/github-user-search/src/elements/Input/index.tsx": {"path":"/home/azhar/AZHAR DATA/Azhar Hussain/Testing proj/assignment/github-user-search/src/elements/Input/index.tsx","statementMap":{"0":{"start":{"line":1,"column":0},"end":{"line":1,"column":39}},"1":{"start":{"line":2,"column":0},"end":{"line":2,"column":53}},"2":{"start":{"line":3,"column":14},"end":{"line":7,"column":null}},"3":{"start":{"line":10,"column":0},"end":{"line":10,"column":21}}},"fnMap":{},"branchMap":{"0":{"loc":{"start":{"line":3,"column":26},"end":{"line":3,"column":null}},"type":"binary-expr","locations":[{"start":{"line":3,"column":26},"end":{"line":3,"column":null}},{"start":{"line":3,"column":26},"end":{"line":8,"column":2}}]}},"s":{"0":1,"1":1,"2":1,"3":1},"f":{},"b":{"0":[1,1]}}
,"/home/azhar/AZHAR DATA/Azhar Hussain/Testing proj/assignment/github-user-search/src/elements/LoaderCard/index.tsx": {"path":"/home/azhar/AZHAR DATA/Azhar Hussain/Testing proj/assignment/github-user-search/src/elements/LoaderCard/index.tsx","statementMap":{"0":{"start":{"line":1,"column":0},"end":{"line":1,"column":26}},"1":{"start":{"line":2,"column":0},"end":{"line":2,"column":62}},"2":{"start":{"line":5,"column":15},"end":{"line":8,"column":1}},"3":{"start":{"line":6,"column":25},"end":{"line":6,"column":31}},"4":{"start":{"line":7,"column":2},"end":{"line":7,"column":56}},"5":{"start":{"line":9,"column":0},"end":{"line":9,"column":22}}},"fnMap":{"0":{"name":"(anonymous_1)","decl":{"start":{"line":5,"column":15},"end":{"line":5,"column":16}},"loc":{"start":{"line":5,"column":30},"end":{"line":8,"column":1}}}},"branchMap":{"0":{"loc":{"start":{"line":7,"column":14},"end":{"line":7,"column":24}},"type":"binary-expr","locations":[{"start":{"line":7,"column":14},"end":{"line":7,"column":24}},{"start":{"line":7,"column":28},"end":{"line":7,"column":49}}]}},"s":{"0":3,"1":3,"2":3,"3":4,"4":4,"5":3},"f":{"0":4},"b":{"0":[4,3]}}
,"/home/azhar/AZHAR DATA/Azhar Hussain/Testing proj/assignment/github-user-search/src/elements/Pagination/index.tsx": {"path":"/home/azhar/AZHAR DATA/Azhar Hussain/Testing proj/assignment/github-user-search/src/elements/Pagination/index.tsx","statementMap":{"0":{"start":{"line":1,"column":0},"end":{"line":1,"column":26}},"1":{"start":{"line":3,"column":0},"end":{"line":3,"column":31}},"2":{"start":{"line":5,"column":19},"end":{"line":28,"column":1}},"3":{"start":{"line":6,"column":67},"end":{"line":6,"column":73}},"4":{"start":{"line":7,"column":2},"end":{"line":27,"column":4}},"5":{"start":{"line":29,"column":0},"end":{"line":29,"column":26}}},"fnMap":{"0":{"name":"(anonymous_1)","decl":{"start":{"line":5,"column":19},"end":{"line":5,"column":20}},"loc":{"start":{"line":5,"column":38},"end":{"line":28,"column":1}}}},"branchMap":{},"s":{"0":1,"1":1,"2":1,"3":20,"4":5,"5":1},"f":{"0":5},"b":{}}
,"/home/azhar/AZHAR DATA/Azhar Hussain/Testing proj/assignment/github-user-search/src/modules/Repository/RepositoryCard.tsx": {"path":"/home/azhar/AZHAR DATA/Azhar Hussain/Testing proj/assignment/github-user-search/src/modules/Repository/RepositoryCard.tsx","statementMap":{"0":{"start":{"line":1,"column":0},"end":{"line":1,"column":26}},"1":{"start":{"line":2,"column":0},"end":{"line":2,"column":40}},"2":{"start":{"line":3,"column":0},"end":{"line":3,"column":44}},"3":{"start":{"line":4,"column":0},"end":{"line":4,"column":39}},"4":{"start":{"line":7,"column":23},"end":{"line":25,"column":1}},"5":{"start":{"line":8,"column":43},"end":{"line":8,"column":49}},"6":{"start":{"line":9,"column":2},"end":{"line":24,"column":4}},"7":{"start":{"line":26,"column":0},"end":{"line":26,"column":30}}},"fnMap":{"0":{"name":"(anonymous_1)","decl":{"start":{"line":7,"column":23},"end":{"line":7,"column":24}},"loc":{"start":{"line":7,"column":46},"end":{"line":25,"column":1}}}},"branchMap":{},"s":{"0":1,"1":1,"2":1,"3":1,"4":1,"5":320,"6":80,"7":1},"f":{"0":80},"b":{}}
,"/home/azhar/AZHAR DATA/Azhar Hussain/Testing proj/assignment/github-user-search/src/modules/Repository/constants.ts": {"path":"/home/azhar/AZHAR DATA/Azhar Hussain/Testing proj/assignment/github-user-search/src/modules/Repository/constants.ts","statementMap":{"0":{"start":{"line":1,"column":0},"end":{"line":1,"column":55}},"1":{"start":{"line":3,"column":13},"end":{"line":3,"column":110}}},"fnMap":{},"branchMap":{},"s":{"0":3,"1":3},"f":{},"b":{}}
,"/home/azhar/AZHAR DATA/Azhar Hussain/Testing proj/assignment/github-user-search/src/modules/Repository/helper.ts": {"path":"/home/azhar/AZHAR DATA/Azhar Hussain/Testing proj/assignment/github-user-search/src/modules/Repository/helper.ts","statementMap":{"0":{"start":{"line":1,"column":0},"end":{"line":1,"column":52}},"1":{"start":{"line":4,"column":42},"end":{"line":9,"column":1}},"2":{"start":{"line":5,"column":12},"end":{"line":5,"column":33}},"3":{"start":{"line":6,"column":6},"end":{"line":6,"column":70}},"4":{"start":{"line":7,"column":6},"end":{"line":7,"column":88}},"5":{"start":{"line":8,"column":6},"end":{"line":8,"column":17}},"6":{"start":{"line":4,"column":13},"end":{"line":4,"column":42}},"7":{"start":{"line":11,"column":36},"end":{"line":18,"column":1}},"8":{"start":{"line":12,"column":2},"end":{"line":17,"column":null}},"9":{"start":{"line":13,"column":4},"end":{"line":13,"column":39}},"10":{"start":{"line":16,"column":3},"end":{"line":16,"column":null}},"11":{"start":{"line":11,"column":13},"end":{"line":11,"column":36}}},"fnMap":{"0":{"name":"(anonymous_0)","decl":{"start":{"line":4,"column":42},"end":{"line":4,"column":43}},"loc":{"start":{"line":4,"column":73},"end":{"line":9,"column":1}}},"1":{"name":"(anonymous_1)","decl":{"start":{"line":11,"column":36},"end":{"line":11,"column":37}},"loc":{"start":{"line":11,"column":74},"end":{"line":18,"column":1}}}},"branchMap":{"0":{"loc":{"start":{"line":6,"column":47},"end":{"line":6,"column":61}},"type":"binary-expr","locations":[{"start":{"line":6,"column":47},"end":{"line":6,"column":61}},{"start":{"line":6,"column":65},"end":{"line":6,"column":67}}]},"1":{"loc":{"start":{"line":7,"column":49},"end":{"line":7,"column":78}},"type":"binary-expr","locations":[{"start":{"line":7,"column":49},"end":{"line":7,"column":78}},{"start":{"line":7,"column":82},"end":{"line":7,"column":85}}]},"2":{"loc":{"start":{"line":12,"column":2},"end":{"line":17,"column":null}},"type":"if","locations":[{"start":{"line":12,"column":2},"end":{"line":17,"column":null}},{"start":{"line":12,"column":2},"end":{"line":17,"column":null}}]}},"s":{"0":3,"1":3,"2":13,"3":13,"4":13,"5":13,"6":3,"7":3,"8":4,"9":3,"10":1,"11":3},"f":{"0":13,"1":4},"b":{"0":[13,7],"1":[13,1],"2":[3,1]}}
,"/home/azhar/AZHAR DATA/Azhar Hussain/Testing proj/assignment/github-user-search/src/modules/Repository/hooks.ts": {"path":"/home/azhar/AZHAR DATA/Azhar Hussain/Testing proj/assignment/github-user-search/src/modules/Repository/hooks.ts","statementMap":{"0":{"start":{"line":2,"column":0},"end":{"line":2,"column":46}},"1":{"start":{"line":4,"column":35},"end":{"line":12,"column":1}},"2":{"start":{"line":5,"column":18},"end":{"line":5,"column":30}},"3":{"start":{"line":7,"column":1},"end":{"line":11,"column":3}},"4":{"start":{"line":8,"column":3},"end":{"line":10,"column":null}},"5":{"start":{"line":9,"column":6},"end":{"line":9,"column":52}},"6":{"start":{"line":4,"column":14},"end":{"line":4,"column":35}},"7":{"start":{"line":14,"column":38},"end":{"line":21,"column":1}},"8":{"start":{"line":15,"column":18},"end":{"line":15,"column":30}},"9":{"start":{"line":16,"column":2},"end":{"line":20,"column":null}},"10":{"start":{"line":17,"column":2},"end":{"line":19,"column":null}},"11":{"start":{"line":18,"column":4},"end":{"line":18,"column":50}},"12":{"start":{"line":14,"column":13},"end":{"line":14,"column":38}}},"fnMap":{"0":{"name":"(anonymous_0)","decl":{"start":{"line":4,"column":35},"end":{"line":4,"column":36}},"loc":{"start":{"line":4,"column":65},"end":{"line":12,"column":1}}},"1":{"name":"(anonymous_1)","decl":{"start":{"line":7,"column":8},"end":{"line":7,"column":null}},"loc":{"start":{"line":7,"column":8},"end":{"line":11,"column":2}}},"2":{"name":"(anonymous_2)","decl":{"start":{"line":14,"column":38},"end":{"line":14,"column":39}},"loc":{"start":{"line":14,"column":51},"end":{"line":21,"column":1}}},"3":{"name":"(anonymous_3)","decl":{"start":{"line":16,"column":9},"end":{"line":16,"column":null}},"loc":{"start":{"line":16,"column":9},"end":{"line":20,"column":3}}}},"branchMap":{"0":{"loc":{"start":{"line":8,"column":3},"end":{"line":10,"column":null}},"type":"if","locations":[{"start":{"line":8,"column":3},"end":{"line":10,"column":null}},{"start":{"line":8,"column":3},"end":{"line":10,"column":null}}]},"1":{"loc":{"start":{"line":17,"column":2},"end":{"line":19,"column":null}},"type":"if","locations":[{"start":{"line":17,"column":2},"end":{"line":19,"column":null}},{"start":{"line":17,"column":2},"end":{"line":19,"column":null}}]}},"s":{"0":2,"1":2,"2":10,"3":10,"4":3,"5":2,"6":2,"7":2,"8":10,"9":10,"10":3,"11":2,"12":2},"f":{"0":10,"1":3,"2":10,"3":3},"b":{"0":[2,1],"1":[2,1]}}
,"/home/azhar/AZHAR DATA/Azhar Hussain/Testing proj/assignment/github-user-search/src/modules/Repository/index.tsx": {"path":"/home/azhar/AZHAR DATA/Azhar Hussain/Testing proj/assignment/github-user-search/src/modules/Repository/index.tsx","statementMap":{"0":{"start":{"line":1,"column":0},"end":{"line":1,"column":41}},"1":{"start":{"line":2,"column":0},"end":{"line":2,"column":55}},"2":{"start":{"line":3,"column":0},"end":{"line":3,"column":76}},"3":{"start":{"line":4,"column":0},"end":{"line":4,"column":60}},"4":{"start":{"line":6,"column":0},"end":{"line":6,"column":54}},"5":{"start":{"line":7,"column":0},"end":{"line":7,"column":43}},"6":{"start":{"line":9,"column":0},"end":{"line":9,"column":46}},"7":{"start":{"line":10,"column":0},"end":{"line":10,"column":47}},"8":{"start":{"line":11,"column":0},"end":{"line":11,"column":49}},"9":{"start":{"line":12,"column":0},"end":{"line":12,"column":51}},"10":{"start":{"line":14,"column":0},"end":{"line":14,"column":69}},"11":{"start":{"line":16,"column":19},"end":{"line":100,"column":1}},"12":{"start":{"line":17,"column":19},"end":{"line":17,"column":32}},"13":{"start":{"line":18,"column":49},"end":{"line":19,"column":null}},"14":{"start":{"line":19,"column":15},"end":{"line":19,"column":null}},"15":{"start":{"line":21,"column":52},"end":{"line":21,"column":69}},"16":{"start":{"line":22,"column":21},"end":{"line":22,"column":33}},"17":{"start":{"line":24,"column":18},"end":{"line":24,"column":30}},"18":{"start":{"line":25,"column":19},"end":{"line":25,"column":32}},"19":{"start":{"line":26,"column":21},"end":{"line":26,"column":69}},"20":{"start":{"line":28,"column":2},"end":{"line":38,"column":27}},"21":{"start":{"line":29,"column":4},"end":{"line":37,"column":null}},"22":{"start":{"line":30,"column":6},"end":{"line":30,"column":32}},"23":{"start":{"line":32,"column":46},"end":{"line":35,"column":8}},"24":{"start":{"line":36,"column":6},"end":{"line":36,"column":45}},"25":{"start":{"line":40,"column":15},"end":{"line":40,"column":33}},"26":{"start":{"line":42,"column":26},"end":{"line":42,"column":60}},"27":{"start":{"line":43,"column":30},"end":{"line":43,"column":58}},"28":{"start":{"line":45,"column":24},"end":{"line":45,"column":56}},"29":{"start":{"line":46,"column":2},"end":{"line":99,"column":4}},"30":{"start":{"line":56,"column":56},"end":{"line":56,"column":null}},"31":{"start":{"line":68,"column":12},"end":{"line":74,"column":14}},"32":{"start":{"line":102,"column":0},"end":{"line":102,"column":26}}},"fnMap":{"0":{"name":"(anonymous_9)","decl":{"start":{"line":16,"column":19},"end":{"line":16,"column":null}},"loc":{"start":{"line":16,"column":19},"end":{"line":100,"column":1}}},"1":{"name":"(anonymous_10)","decl":{"start":{"line":19,"column":4},"end":{"line":19,"column":5}},"loc":{"start":{"line":19,"column":10},"end":{"line":19,"column":20}}},"2":{"name":"(anonymous_11)","decl":{"start":{"line":28,"column":12},"end":{"line":28,"column":null}},"loc":{"start":{"line":28,"column":12},"end":{"line":38,"column":3}}},"3":{"name":"(anonymous_12)","decl":{"start":{"line":56,"column":50},"end":{"line":56,"column":56}},"loc":{"start":{"line":56,"column":50},"end":{"line":56,"column":63}}},"4":{"name":"(anonymous_13)","decl":{"start":{"line":67,"column":24},"end":{"line":67,"column":25}},"loc":{"start":{"line":67,"column":29},"end":{"line":75,"column":11}}}},"branchMap":{"0":{"loc":{"start":{"line":29,"column":4},"end":{"line":37,"column":null}},"type":"if","locations":[{"start":{"line":29,"column":4},"end":{"line":37,"column":null}},{"start":{"line":29,"column":4},"end":{"line":37,"column":null}}]},"1":{"loc":{"start":{"line":45,"column":24},"end":{"line":45,"column":44}},"type":"binary-expr","locations":[{"start":{"line":45,"column":24},"end":{"line":45,"column":44}},{"start":{"line":45,"column":48},"end":{"line":45,"column":56}}]},"2":{"loc":{"start":{"line":65,"column":10},"end":{"line":65,"column":41}},"type":"cond-expr","locations":[{"start":{"line":65,"column":10},"end":{"line":65,"column":41}},{"start":{"line":67,"column":10},"end":{"line":75,"column":12}}]},"3":{"loc":{"start":{"line":78,"column":10},"end":{"line":81,"column":null}},"type":"cond-expr","locations":[{"start":{"line":78,"column":10},"end":{"line":81,"column":null}},{"start":{"line":83,"column":12},"end":{"line":83,"column":16}}]},"4":{"loc":{"start":{"line":77,"column":9},"end":{"line":77,"column":19}},"type":"binary-expr","locations":[{"start":{"line":77,"column":9},"end":{"line":77,"column":19}},{"start":{"line":77,"column":23},"end":{"line":77,"column":28}}]},"5":{"loc":{"start":{"line":87,"column":8},"end":{"line":95,"column":null}},"type":"cond-expr","locations":[{"start":{"line":87,"column":8},"end":{"line":95,"column":null}},{"start":{"line":97,"column":10},"end":{"line":97,"column":14}}]}},"s":{"0":1,"1":1,"2":1,"3":1,"4":1,"5":1,"6":1,"7":1,"8":1,"9":1,"10":1,"11":1,"12":8,"13":8,"14":29,"15":32,"16":8,"17":8,"18":8,"19":8,"20":8,"21":7,"22":0,"23":7,"24":7,"25":8,"26":8,"27":8,"28":8,"29":8,"30":0,"31":80,"32":1},"f":{"0":8,"1":29,"2":7,"3":0,"4":80},"b":{"0":[0,7],"1":[8,7],"2":[1,7],"3":[1,7],"4":[8,7],"5":[5,3]}}
,"/home/azhar/AZHAR DATA/Azhar Hussain/Testing proj/assignment/github-user-search/src/modules/Repository/redux/actionTypes.ts": {"path":"/home/azhar/AZHAR DATA/Azhar Hussain/Testing proj/assignment/github-user-search/src/modules/Repository/redux/actionTypes.ts","statementMap":{"0":{"start":{"line":3,"column":0},"end":{"line":3,"column":null}},"1":{"start":{"line":4,"column":2},"end":{"line":4,"column":null}},"2":{"start":{"line":5,"column":2},"end":{"line":5,"column":null}},"3":{"start":{"line":6,"column":2},"end":{"line":6,"column":null}},"4":{"start":{"line":7,"column":2},"end":{"line":7,"column":null}}},"fnMap":{"0":{"name":"(anonymous_0)","decl":{"start":{"line":3,"column":0},"end":{"line":3,"column":12}},"loc":{"start":{"line":3,"column":42},"end":{"line":8,"column":1}}}},"branchMap":{"0":{"loc":{"start":{"line":3,"column":12},"end":{"line":3,"column":42}},"type":"binary-expr","locations":[{"start":{"line":3,"column":12},"end":{"line":3,"column":42}},{"start":{"line":3,"column":12},"end":{"line":3,"column":null}}]}},"s":{"0":2,"1":2,"2":2,"3":2,"4":2},"f":{"0":2},"b":{"0":[2,2]}}
,"/home/azhar/AZHAR DATA/Azhar Hussain/Testing proj/assignment/github-user-search/src/modules/Repository/redux/actions.ts": {"path":"/home/azhar/AZHAR DATA/Azhar Hussain/Testing proj/assignment/github-user-search/src/modules/Repository/redux/actions.ts","statementMap":{"0":{"start":{"line":2,"column":0},"end":{"line":2,"column":88}},"1":{"start":{"line":3,"column":0},"end":{"line":3,"column":49}},"2":{"start":{"line":5,"column":0},"end":{"line":5,"column":null}},"3":{"start":{"line":12,"column":0},"end":{"line":12,"column":52}},"4":{"start":{"line":15,"column":39},"end":{"line":15,"column":77}},"5":{"start":{"line":15,"column":76},"end":{"line":17,"column":3}},"6":{"start":{"line":15,"column":13},"end":{"line":15,"column":39}},"7":{"start":{"line":19,"column":0},"end":{"line":19,"column":67}},"8":{"start":{"line":19,"column":66},"end":{"line":22,"column":3}},"9":{"start":{"line":18,"column":13},"end":{"line":18,"column":null}},"10":{"start":{"line":24,"column":0},"end":{"line":24,"column":52}},"11":{"start":{"line":24,"column":51},"end":{"line":27,"column":3}},"12":{"start":{"line":23,"column":13},"end":{"line":23,"column":null}},"13":{"start":{"line":30,"column":0},"end":{"line":30,"column":43}},"14":{"start":{"line":30,"column":36},"end":{"line":55,"column":2}},"15":{"start":{"line":30,"column":83},"end":{"line":55,"column":2}},"16":{"start":{"line":31,"column":2},"end":{"line":31,"column":38}},"17":{"start":{"line":33,"column":21},"end":{"line":33,"column":null}},"18":{"start":{"line":33,"column":10},"end":{"line":33,"column":null}},"19":{"start":{"line":34,"column":12},"end":{"line":34,"column":23}},"20":{"start":{"line":35,"column":17},"end":{"line":35,"column":null}},"21":{"start":{"line":35,"column":10},"end":{"line":35,"column":null}},"22":{"start":{"line":36,"column":10},"end":{"line":36,"column":48}},"23":{"start":{"line":38,"column":4},"end":{"line":51,"column":null}},"24":{"start":{"line":39,"column":12},"end":{"line":39,"column":70}},"25":{"start":{"line":41,"column":6},"end":{"line":41,"column":90}},"26":{"start":{"line":43,"column":6},"end":{"line":47,"column":null}},"27":{"start":{"line":44,"column":8},"end":{"line":44,"column":57}},"28":{"start":{"line":46,"column":8},"end":{"line":46,"column":54}},"29":{"start":{"line":50,"column":6},"end":{"line":50,"column":52}},"30":{"start":{"line":53,"column":4},"end":{"line":53,"column":56}},"31":{"start":{"line":29,"column":13},"end":{"line":29,"column":null}}},"fnMap":{"0":{"name":"(anonymous_13)","decl":{"start":{"line":15,"column":39},"end":{"line":15,"column":76}},"loc":{"start":{"line":15,"column":39},"end":{"line":15,"column":77}}},"1":{"name":"(anonymous_14)","decl":{"start":{"line":19,"column":0},"end":{"line":19,"column":1}},"loc":{"start":{"line":19,"column":28},"end":{"line":19,"column":67}}},"2":{"name":"(anonymous_15)","decl":{"start":{"line":24,"column":0},"end":{"line":24,"column":1}},"loc":{"start":{"line":24,"column":13},"end":{"line":24,"column":52}}},"3":{"name":"(anonymous_16)","decl":{"start":{"line":30,"column":0},"end":{"line":30,"column":1}},"loc":{"start":{"line":30,"column":31},"end":{"line":30,"column":43}}},"4":{"name":"(anonymous_17)","decl":{"start":{"line":30,"column":36},"end":{"line":30,"column":43}},"loc":{"start":{"line":30,"column":83},"end":{"line":55,"column":2}}},"5":{"name":"(anonymous_18)","decl":{"start":{"line":30,"column":83},"end":{"line":30,"column":null}},"loc":{"start":{"line":30,"column":83},"end":{"line":55,"column":2}}}},"branchMap":{"0":{"loc":{"start":{"line":38,"column":4},"end":{"line":51,"column":null}},"type":"if","locations":[{"start":{"line":38,"column":4},"end":{"line":51,"column":null}},{"start":{"line":38,"column":4},"end":{"line":51,"column":null}}]},"1":{"loc":{"start":{"line":38,"column":7},"end":{"line":38,"column":20}},"type":"binary-expr","locations":[{"start":{"line":38,"column":7},"end":{"line":38,"column":20}},{"start":{"line":38,"column":24},"end":{"line":38,"column":36}}]},"2":{"loc":{"start":{"line":43,"column":6},"end":{"line":47,"column":null}},"type":"if","locations":[{"start":{"line":43,"column":6},"end":{"line":47,"column":null}},{"start":{"line":43,"column":6},"end":{"line":47,"column":null}}]}},"s":{"0":2,"1":2,"2":2,"3":2,"4":2,"5":11,"6":2,"7":2,"8":2,"9":2,"10":2,"11":10,"12":2,"13":2,"14":10,"15":10,"16":10,"17":10,"18":10,"19":10,"20":10,"21":10,"22":3,"23":3,"24":2,"25":2,"26":2,"27":1,"28":1,"29":1,"30":9,"31":2},"f":{"0":11,"1":2,"2":10,"3":10,"4":10,"5":10},"b":{"0":[2,1],"1":[3,3],"2":[1,1]}}
,"/home/azhar/AZHAR DATA/Azhar Hussain/Testing proj/assignment/github-user-search/src/modules/Repository/redux/services.ts": {"path":"/home/azhar/AZHAR DATA/Azhar Hussain/Testing proj/assignment/github-user-search/src/modules/Repository/redux/services.ts","statementMap":{"0":{"start":{"line":1,"column":0},"end":{"line":1,"column":55}},"1":{"start":{"line":4,"column":38},"end":{"line":7,"column":1}},"2":{"start":{"line":5,"column":17},"end":{"line":5,"column":52}},"3":{"start":{"line":6,"column":5},"end":{"line":6,"column":23}},"4":{"start":{"line":4,"column":13},"end":{"line":4,"column":38}}},"fnMap":{"0":{"name":"(anonymous_0)","decl":{"start":{"line":4,"column":38},"end":{"line":4,"column":39}},"loc":{"start":{"line":4,"column":69},"end":{"line":7,"column":1}}}},"branchMap":{},"s":{"0":2,"1":2,"2":11,"3":11,"4":2},"f":{"0":11},"b":{}}
,"/home/azhar/AZHAR DATA/Azhar Hussain/Testing proj/assignment/github-user-search/src/modules/RepositoryDetail/constants.ts": {"path":"/home/azhar/AZHAR DATA/Azhar Hussain/Testing proj/assignment/github-user-search/src/modules/RepositoryDetail/constants.ts","statementMap":{"0":{"start":{"line":1,"column":0},"end":{"line":1,"column":55}},"1":{"start":{"line":3,"column":13},"end":{"line":3,"column":112}},"2":{"start":{"line":4,"column":13},"end":{"line":4,"column":102}}},"fnMap":{},"branchMap":{},"s":{"0":2,"1":2,"2":2},"f":{},"b":{}}
,"/home/azhar/AZHAR DATA/Azhar Hussain/Testing proj/assignment/github-user-search/src/modules/RepositoryDetail/helper.ts": {"path":"/home/azhar/AZHAR DATA/Azhar Hussain/Testing proj/assignment/github-user-search/src/modules/RepositoryDetail/helper.ts","statementMap":{"0":{"start":{"line":3,"column":44},"end":{"line":8,"column":1}},"1":{"start":{"line":4,"column":13},"end":{"line":4,"column":22}},"2":{"start":{"line":5,"column":2},"end":{"line":5,"column":58}},"3":{"start":{"line":6,"column":2},"end":{"line":6,"column":60}},"4":{"start":{"line":7,"column":2},"end":{"line":7,"column":13}},"5":{"start":{"line":3,"column":13},"end":{"line":3,"column":44}},"6":{"start":{"line":11,"column":36},"end":{"line":17,"column":1}},"7":{"start":{"line":12,"column":29},"end":{"line":12,"column":31}},"8":{"start":{"line":13,"column":2},"end":{"line":15,"column":null}},"9":{"start":{"line":14,"column":4},"end":{"line":14,"column":46}},"10":{"start":{"line":16,"column":2},"end":{"line":16,"column":null}},"11":{"start":{"line":11,"column":13},"end":{"line":11,"column":36}}},"fnMap":{"0":{"name":"(anonymous_0)","decl":{"start":{"line":3,"column":44},"end":{"line":3,"column":45}},"loc":{"start":{"line":3,"column":88},"end":{"line":8,"column":1}}},"1":{"name":"(anonymous_1)","decl":{"start":{"line":11,"column":36},"end":{"line":11,"column":37}},"loc":{"start":{"line":11,"column":46},"end":{"line":17,"column":1}}}},"branchMap":{"0":{"loc":{"start":{"line":5,"column":34},"end":{"line":5,"column":50}},"type":"binary-expr","locations":[{"start":{"line":5,"column":34},"end":{"line":5,"column":50}},{"start":{"line":5,"column":54},"end":{"line":5,"column":56}}]},"1":{"loc":{"start":{"line":6,"column":30},"end":{"line":6,"column":52}},"type":"binary-expr","locations":[{"start":{"line":6,"column":30},"end":{"line":6,"column":52}},{"start":{"line":6,"column":56},"end":{"line":6,"column":58}}]},"2":{"loc":{"start":{"line":13,"column":2},"end":{"line":15,"column":null}},"type":"if","locations":[{"start":{"line":13,"column":2},"end":{"line":15,"column":null}},{"start":{"line":13,"column":2},"end":{"line":15,"column":null}}]},"3":{"loc":{"start":{"line":13,"column":9},"end":{"line":13,"column":11}},"type":"cond-expr","locations":[{"start":{"line":13,"column":9},"end":{"line":13,"column":11}},{"start":{"line":13,"column":5},"end":{"line":13,"column":18}}]},"4":{"loc":{"start":{"line":13,"column":5},"end":{"line":13,"column":11}},"type":"binary-expr","locations":[{"start":{"line":13,"column":5},"end":{"line":13,"column":11}},{"start":{"line":13,"column":5},"end":{"line":13,"column":11}}]}},"s":{"0":3,"1":21,"2":21,"3":21,"4":21,"5":3,"6":3,"7":4,"8":4,"9":2,"10":4,"11":3},"f":{"0":21,"1":4},"b":{"0":[21,2],"1":[21,2],"2":[2,2],"3":[1,3],"4":[4,3]}}
,"/home/azhar/AZHAR DATA/Azhar Hussain/Testing proj/assignment/github-user-search/src/modules/RepositoryDetail/index.tsx": {"path":"/home/azhar/AZHAR DATA/Azhar Hussain/Testing proj/assignment/github-user-search/src/modules/RepositoryDetail/index.tsx","statementMap":{"0":{"start":{"line":1,"column":0},"end":{"line":1,"column":41}},"1":{"start":{"line":2,"column":0},"end":{"line":2,"column":55}},"2":{"start":{"line":3,"column":0},"end":{"line":3,"column":63}},"3":{"start":{"line":4,"column":0},"end":{"line":4,"column":43}},"4":{"start":{"line":5,"column":0},"end":{"line":5,"column":60}},"5":{"start":{"line":7,"column":0},"end":{"line":7,"column":79}},"6":{"start":{"line":8,"column":0},"end":{"line":8,"column":43}},"7":{"start":{"line":10,"column":0},"end":{"line":10,"column":47}},"8":{"start":{"line":11,"column":0},"end":{"line":11,"column":49}},"9":{"start":{"line":13,"column":25},"end":{"line":93,"column":1}},"10":{"start":{"line":14,"column":35},"end":{"line":14,"column":46}},"11":{"start":{"line":14,"column":22},"end":{"line":14,"column":24}},"12":{"start":{"line":14,"column":30},"end":{"line":14,"column":35}},"13":{"start":{"line":15,"column":18},"end":{"line":15,"column":30}},"14":{"start":{"line":16,"column":19},"end":{"line":16,"column":32}},"15":{"start":{"line":18,"column":4},"end":{"line":18,"column":66}},"16":{"start":{"line":18,"column":39},"end":{"line":18,"column":66}},"17":{"start":{"line":20,"column":4},"end":{"line":20,"column":25}},"18":{"start":{"line":21,"column":37},"end":{"line":24,"column":4}},"19":{"start":{"line":25,"column":2},"end":{"line":27,"column":9}},"20":{"start":{"line":26,"column":4},"end":{"line":26,"column":45}},"21":{"start":{"line":28,"column":2},"end":{"line":30,"column":9}},"22":{"start":{"line":29,"column":4},"end":{"line":29,"column":45}},"23":{"start":{"line":31,"column":2},"end":{"line":92,"column":4}},"24":{"start":{"line":50,"column":14},"end":{"line":50,"column":31}},"25":{"start":{"line":66,"column":42},"end":{"line":71,"column":16}},"26":{"start":{"line":95,"column":0},"end":{"line":95,"column":32}}},"fnMap":{"0":{"name":"(anonymous_7)","decl":{"start":{"line":13,"column":25},"end":{"line":13,"column":null}},"loc":{"start":{"line":13,"column":25},"end":{"line":93,"column":1}}},"1":{"name":"(anonymous_8)","decl":{"start":{"line":18,"column":28},"end":{"line":18,"column":29}},"loc":{"start":{"line":18,"column":34},"end":{"line":18,"column":44}}},"2":{"name":"(anonymous_9)","decl":{"start":{"line":25,"column":12},"end":{"line":25,"column":null}},"loc":{"start":{"line":25,"column":12},"end":{"line":27,"column":3}}},"3":{"name":"(anonymous_10)","decl":{"start":{"line":28,"column":12},"end":{"line":28,"column":null}},"loc":{"start":{"line":28,"column":12},"end":{"line":30,"column":3}}},"4":{"name":"(anonymous_11)","decl":{"start":{"line":49,"column":21},"end":{"line":49,"column":null}},"loc":{"start":{"line":49,"column":21},"end":{"line":51,"column":13}}},"5":{"name":"(anonymous_12)","decl":{"start":{"line":66,"column":32},"end":{"line":66,"column":33}},"loc":{"start":{"line":66,"column":37},"end":{"line":66,"column":null}}}},"branchMap":{"0":{"loc":{"start":{"line":62,"column":12},"end":{"line":62,"column":22}},"type":"cond-expr","locations":[{"start":{"line":62,"column":12},"end":{"line":62,"column":22}},{"start":{"line":64,"column":12},"end":{"line":71,"column":null}}]},"1":{"loc":{"start":{"line":65,"column":15},"end":{"line":65,"column":21}},"type":"binary-expr","locations":[{"start":{"line":65,"column":15},"end":{"line":65,"column":21}},{"start":{"line":65,"column":25},"end":{"line":65,"column":50}}]},"2":{"loc":{"start":{"line":75,"column":12},"end":{"line":75,"column":52}},"type":"cond-expr","locations":[{"start":{"line":75,"column":12},"end":{"line":75,"column":52}},{"start":{"line":76,"column":14},"end":{"line":76,"column":18}}]},"3":{"loc":{"start":{"line":74,"column":11},"end":{"line":74,"column":21}},"type":"binary-expr","locations":[{"start":{"line":74,"column":11},"end":{"line":74,"column":21}},{"start":{"line":74,"column":25},"end":{"line":74,"column":30}}]},"4":{"loc":{"start":{"line":85,"column":27},"end":{"line":85,"column":37}},"type":"cond-expr","locations":[{"start":{"line":85,"column":27},"end":{"line":85,"column":37}},{"start":{"line":85,"column":40},"end":{"line":85,"column":79}}]},"5":{"loc":{"start":{"line":87,"column":12},"end":{"line":87,"column":58}},"type":"cond-expr","locations":[{"start":{"line":87,"column":12},"end":{"line":87,"column":58}},{"start":{"line":88,"column":14},"end":{"line":88,"column":18}}]},"6":{"loc":{"start":{"line":86,"column":11},"end":{"line":86,"column":25}},"type":"binary-expr","locations":[{"start":{"line":86,"column":11},"end":{"line":86,"column":25}},{"start":{"line":86,"column":29},"end":{"line":86,"column":40}}]}},"s":{"0":1,"1":1,"2":1,"3":1,"4":1,"5":1,"6":1,"7":1,"8":1,"9":1,"10":6,"11":6,"12":6,"13":6,"14":6,"15":6,"16":24,"17":36,"18":6,"19":6,"20":6,"21":6,"22":6,"23":6,"24":1,"25":60,"26":1},"f":{"0":6,"1":24,"2":6,"3":6,"4":1,"5":60},"b":{"0":[1,5],"1":[5,4],"2":[1,5],"3":[6,5],"4":[1,5],"5":[1,5],"6":[6,5]}}
,"/home/azhar/AZHAR DATA/Azhar Hussain/Testing proj/assignment/github-user-search/src/modules/RepositoryDetail/redux/actions.ts": {"path":"/home/azhar/AZHAR DATA/Azhar Hussain/Testing proj/assignment/github-user-search/src/modules/RepositoryDetail/redux/actions.ts","statementMap":{"0":{"start":{"line":2,"column":0},"end":{"line":2,"column":78}},"1":{"start":{"line":3,"column":0},"end":{"line":3,"column":49}},"2":{"start":{"line":17,"column":0},"end":{"line":17,"column":80}},"3":{"start":{"line":21,"column":1},"end":{"line":21,"column":35}},"4":{"start":{"line":21,"column":34},"end":{"line":23,"column":3}},"5":{"start":{"line":20,"column":13},"end":{"line":20,"column":null}},"6":{"start":{"line":25,"column":0},"end":{"line":25,"column":57}},"7":{"start":{"line":25,"column":56},"end":{"line":28,"column":3}},"8":{"start":{"line":24,"column":13},"end":{"line":24,"column":null}},"9":{"start":{"line":30,"column":0},"end":{"line":30,"column":48}},"10":{"start":{"line":30,"column":47},"end":{"line":33,"column":3}},"11":{"start":{"line":29,"column":13},"end":{"line":29,"column":null}},"12":{"start":{"line":36,"column":0},"end":{"line":36,"column":38}},"13":{"start":{"line":36,"column":31},"end":{"line":51,"column":2}},"14":{"start":{"line":36,"column":78},"end":{"line":51,"column":2}},"15":{"start":{"line":37,"column":2},"end":{"line":37,"column":40}},"16":{"start":{"line":39,"column":21},"end":{"line":39,"column":null}},"17":{"start":{"line":39,"column":10},"end":{"line":39,"column":null}},"18":{"start":{"line":40,"column":12},"end":{"line":40,"column":23}},"19":{"start":{"line":41,"column":17},"end":{"line":41,"column":null}},"20":{"start":{"line":41,"column":10},"end":{"line":41,"column":null}},"21":{"start":{"line":42,"column":4},"end":{"line":46,"column":null}},"22":{"start":{"line":43,"column":6},"end":{"line":43,"column":74}},"23":{"start":{"line":45,"column":6},"end":{"line":45,"column":52}},"24":{"start":{"line":48,"column":4},"end":{"line":48,"column":58}},"25":{"start":{"line":35,"column":13},"end":{"line":35,"column":null}},"26":{"start":{"line":54,"column":41},"end":{"line":54,"column":65}},"27":{"start":{"line":54,"column":64},"end":{"line":56,"column":3}},"28":{"start":{"line":54,"column":13},"end":{"line":54,"column":41}},"29":{"start":{"line":57,"column":44},"end":{"line":57,"column":85}},"30":{"start":{"line":57,"column":84},"end":{"line":60,"column":3}},"31":{"start":{"line":57,"column":13},"end":{"line":57,"column":44}},"32":{"start":{"line":61,"column":44},"end":{"line":61,"column":83}},"33":{"start":{"line":61,"column":82},"end":{"line":64,"column":3}},"34":{"start":{"line":61,"column":13},"end":{"line":61,"column":44}},"35":{"start":{"line":68,"column":0},"end":{"line":68,"column":38}},"36":{"start":{"line":68,"column":31},"end":{"line":86,"column":2}},"37":{"start":{"line":68,"column":74},"end":{"line":86,"column":2}},"38":{"start":{"line":69,"column":2},"end":{"line":69,"column":40}},"39":{"start":{"line":71,"column":21},"end":{"line":71,"column":null}},"40":{"start":{"line":71,"column":10},"end":{"line":71,"column":null}},"41":{"start":{"line":72,"column":12},"end":{"line":72,"column":23}},"42":{"start":{"line":73,"column":15},"end":{"line":73,"column":null}},"43":{"start":{"line":73,"column":8},"end":{"line":73,"column":null}},"44":{"start":{"line":74,"column":4},"end":{"line":80,"column":null}},"45":{"start":{"line":76,"column":6},"end":{"line":76,"column":null}},"46":{"start":{"line":77,"column":6},"end":{"line":77,"column":51}},"47":{"start":{"line":79,"column":6},"end":{"line":79,"column":52}},"48":{"start":{"line":82,"column":4},"end":{"line":82,"column":58}},"49":{"start":{"line":67,"column":13},"end":{"line":67,"column":null}}},"fnMap":{"0":{"name":"(anonymous_13)","decl":{"start":{"line":21,"column":1},"end":{"line":21,"column":34}},"loc":{"start":{"line":21,"column":1},"end":{"line":21,"column":35}}},"1":{"name":"(anonymous_14)","decl":{"start":{"line":25,"column":0},"end":{"line":25,"column":1}},"loc":{"start":{"line":25,"column":22},"end":{"line":25,"column":57}}},"2":{"name":"(anonymous_15)","decl":{"start":{"line":30,"column":0},"end":{"line":30,"column":1}},"loc":{"start":{"line":30,"column":13},"end":{"line":30,"column":48}}},"3":{"name":"(anonymous_16)","decl":{"start":{"line":36,"column":0},"end":{"line":36,"column":1}},"loc":{"start":{"line":36,"column":26},"end":{"line":36,"column":38}}},"4":{"name":"(anonymous_17)","decl":{"start":{"line":36,"column":31},"end":{"line":36,"column":38}},"loc":{"start":{"line":36,"column":78},"end":{"line":51,"column":2}}},"5":{"name":"(anonymous_18)","decl":{"start":{"line":36,"column":78},"end":{"line":36,"column":null}},"loc":{"start":{"line":36,"column":78},"end":{"line":51,"column":2}}},"6":{"name":"(anonymous_20)","decl":{"start":{"line":54,"column":41},"end":{"line":54,"column":64}},"loc":{"start":{"line":54,"column":41},"end":{"line":54,"column":65}}},"7":{"name":"(anonymous_21)","decl":{"start":{"line":57,"column":44},"end":{"line":57,"column":45}},"loc":{"start":{"line":57,"column":59},"end":{"line":57,"column":85}}},"8":{"name":"(anonymous_22)","decl":{"start":{"line":61,"column":44},"end":{"line":61,"column":45}},"loc":{"start":{"line":61,"column":57},"end":{"line":61,"column":83}}},"9":{"name":"(anonymous_23)","decl":{"start":{"line":68,"column":0},"end":{"line":68,"column":1}},"loc":{"start":{"line":68,"column":26},"end":{"line":68,"column":38}}},"10":{"name":"(anonymous_24)","decl":{"start":{"line":68,"column":31},"end":{"line":68,"column":38}},"loc":{"start":{"line":68,"column":74},"end":{"line":86,"column":2}}},"11":{"name":"(anonymous_25)","decl":{"start":{"line":68,"column":74},"end":{"line":68,"column":null}},"loc":{"start":{"line":68,"column":74},"end":{"line":86,"column":2}}}},"branchMap":{"0":{"loc":{"start":{"line":42,"column":4},"end":{"line":46,"column":null}},"type":"if","locations":[{"start":{"line":42,"column":4},"end":{"line":46,"column":null}},{"start":{"line":42,"column":4},"end":{"line":46,"column":null}}]},"1":{"loc":{"start":{"line":42,"column":7},"end":{"line":42,"column":20}},"type":"binary-expr","locations":[{"start":{"line":42,"column":7},"end":{"line":42,"column":20}},{"start":{"line":42,"column":24},"end":{"line":42,"column":36}}]},"2":{"loc":{"start":{"line":74,"column":4},"end":{"line":80,"column":null}},"type":"if","locations":[{"start":{"line":74,"column":4},"end":{"line":80,"column":null}},{"start":{"line":74,"column":4},"end":{"line":80,"column":null}}]},"3":{"loc":{"start":{"line":74,"column":7},"end":{"line":74,"column":20}},"type":"binary-expr","locations":[{"start":{"line":74,"column":7},"end":{"line":74,"column":20}},{"start":{"line":74,"column":24},"end":{"line":74,"column":36}}]}},"s":{"0":2,"1":2,"2":2,"3":2,"4":8,"5":2,"6":2,"7":1,"8":2,"9":2,"10":1,"11":2,"12":2,"13":8,"14":8,"15":8,"16":8,"17":2,"18":2,"19":2,"20":2,"21":2,"22":1,"23":1,"24":1,"25":2,"26":2,"27":9,"28":2,"29":2,"30":2,"31":2,"32":2,"33":1,"34":2,"35":2,"36":9,"37":9,"38":9,"39":9,"40":3,"41":3,"42":3,"43":3,"44":3,"45":2,"46":2,"47":1,"48":1,"49":2},"f":{"0":8,"1":1,"2":1,"3":8,"4":8,"5":8,"6":9,"7":2,"8":1,"9":9,"10":9,"11":9},"b":{"0":[1,1],"1":[2,2],"2":[2,1],"3":[3,3]}}
,"/home/azhar/AZHAR DATA/Azhar Hussain/Testing proj/assignment/github-user-search/src/modules/RepositoryDetail/redux/services.ts": {"path":"/home/azhar/AZHAR DATA/Azhar Hussain/Testing proj/assignment/github-user-search/src/modules/RepositoryDetail/redux/services.ts","statementMap":{"0":{"start":{"line":1,"column":0},"end":{"line":1,"column":80}},"1":{"start":{"line":2,"column":0},"end":{"line":2,"column":57}},"2":{"start":{"line":5,"column":40},"end":{"line":7,"column":1}},"3":{"start":{"line":6,"column":6},"end":{"line":6,"column":null}},"4":{"start":{"line":5,"column":13},"end":{"line":5,"column":40}},"5":{"start":{"line":8,"column":40},"end":{"line":10,"column":1}},"6":{"start":{"line":9,"column":6},"end":{"line":9,"column":null}},"7":{"start":{"line":8,"column":13},"end":{"line":8,"column":40}}},"fnMap":{"0":{"name":"(anonymous_0)","decl":{"start":{"line":5,"column":40},"end":{"line":5,"column":41}},"loc":{"start":{"line":5,"column":66},"end":{"line":7,"column":1}}},"1":{"name":"(anonymous_1)","decl":{"start":{"line":8,"column":40},"end":{"line":8,"column":41}},"loc":{"start":{"line":8,"column":66},"end":{"line":10,"column":1}}}},"branchMap":{},"s":{"0":2,"1":2,"2":2,"3":9,"4":2,"5":2,"6":10,"7":2},"f":{"0":9,"1":10},"b":{}}
,"/home/azhar/AZHAR DATA/Azhar Hussain/Testing proj/assignment/github-user-search/src/modules/Search/UserCard.tsx": {"path":"/home/azhar/AZHAR DATA/Azhar Hussain/Testing proj/assignment/github-user-search/src/modules/Search/UserCard.tsx","statementMap":{"0":{"start":{"line":1,"column":0},"end":{"line":1,"column":26}},"1":{"start":{"line":2,"column":0},"end":{"line":2,"column":40}},"2":{"start":{"line":3,"column":0},"end":{"line":3,"column":39}},"3":{"start":{"line":4,"column":0},"end":{"line":4,"column":49}},"4":{"start":{"line":6,"column":17},"end":{"line":32,"column":1}},"5":{"start":{"line":7,"column":61},"end":{"line":7,"column":67}},"6":{"start":{"line":8,"column":2},"end":{"line":31,"column":4}},"7":{"start":{"line":33,"column":0},"end":{"line":33,"column":24}}},"fnMap":{"0":{"name":"(anonymous_1)","decl":{"start":{"line":6,"column":17},"end":{"line":6,"column":18}},"loc":{"start":{"line":6,"column":35},"end":{"line":32,"column":1}}}},"branchMap":{"0":{"loc":{"start":{"line":10,"column":29},"end":{"line":10,"column":69}},"type":"cond-expr","locations":[{"start":{"line":10,"column":29},"end":{"line":10,"column":69}},{"start":{"line":10,"column":72},"end":{"line":10,"column":76}}]},"1":{"loc":{"start":{"line":10,"column":7},"end":{"line":10,"column":12}},"type":"binary-expr","locations":[{"start":{"line":10,"column":7},"end":{"line":10,"column":12}},{"start":{"line":10,"column":16},"end":{"line":10,"column":26}}]},"2":{"loc":{"start":{"line":13,"column":8},"end":{"line":27,"column":null}},"type":"cond-expr","locations":[{"start":{"line":13,"column":8},"end":{"line":27,"column":null}},{"start":{"line":29,"column":10},"end":{"line":29,"column":14}}]},"3":{"loc":{"start":{"line":20,"column":23},"end":{"line":20,"column":27}},"type":"binary-expr","locations":[{"start":{"line":20,"column":23},"end":{"line":20,"column":27}},{"start":{"line":20,"column":31},"end":{"line":20,"column":36}}]}},"s":{"0":1,"1":1,"2":1,"3":1,"4":1,"5":78,"6":13,"7":1},"f":{"0":13},"b":{"0":[2,11],"1":[13,2],"2":[11,2],"3":[11,1]}}
,"/home/azhar/AZHAR DATA/Azhar Hussain/Testing proj/assignment/github-user-search/src/modules/Search/constants.ts": {"path":"/home/azhar/AZHAR DATA/Azhar Hussain/Testing proj/assignment/github-user-search/src/modules/Search/constants.ts","statementMap":{"0":{"start":{"line":1,"column":0},"end":{"line":1,"column":55}},"1":{"start":{"line":3,"column":13},"end":{"line":3,"column":59}},"2":{"start":{"line":5,"column":13},"end":{"line":5,"column":56}},"3":{"start":{"line":6,"column":13},"end":{"line":6,"column":89}}},"fnMap":{},"branchMap":{},"s":{"0":3,"1":3,"2":3,"3":3},"f":{},"b":{}}
,"/home/azhar/AZHAR DATA/Azhar Hussain/Testing proj/assignment/github-user-search/src/modules/Search/index.tsx": {"path":"/home/azhar/AZHAR DATA/Azhar Hussain/Testing proj/assignment/github-user-search/src/modules/Search/index.tsx","statementMap":{"0":{"start":{"line":1,"column":0},"end":{"line":1,"column":69}},"1":{"start":{"line":2,"column":0},"end":{"line":2,"column":55}},"2":{"start":{"line":3,"column":0},"end":{"line":3,"column":60}},"3":{"start":{"line":4,"column":0},"end":{"line":4,"column":43}},"4":{"start":{"line":5,"column":0},"end":{"line":5,"column":49}},"5":{"start":{"line":6,"column":0},"end":{"line":6,"column":41}},"6":{"start":{"line":7,"column":0},"end":{"line":7,"column":47}},"7":{"start":{"line":9,"column":0},"end":{"line":9,"column":78}},"8":{"start":{"line":10,"column":0},"end":{"line":10,"column":42}},"9":{"start":{"line":12,"column":0},"end":{"line":12,"column":34}},"10":{"start":{"line":14,"column":15},"end":{"line":81,"column":1}},"11":{"start":{"line":15,"column":19},"end":{"line":15,"column":32}},"12":{"start":{"line":16,"column":27},"end":{"line":16,"column":73}},"13":{"start":{"line":16,"column":62},"end":{"line":16,"column":73}},"14":{"start":{"line":17,"column":34},"end":{"line":17,"column":46}},"15":{"start":{"line":17,"column":17},"end":{"line":17,"column":19}},"16":{"start":{"line":17,"column":30},"end":{"line":17,"column":34}},"17":{"start":{"line":18,"column":50},"end":{"line":18,"column":62}},"18":{"start":{"line":18,"column":25},"end":{"line":18,"column":27}},"19":{"start":{"line":18,"column":46},"end":{"line":18,"column":50}},"20":{"start":{"line":21,"column":31},"end":{"line":24,"column":3}},"21":{"start":{"line":22,"column":4},"end":{"line":22,"column":32}},"22":{"start":{"line":23,"column":4},"end":{"line":23,"column":28}},"23":{"start":{"line":26,"column":28},"end":{"line":34,"column":3}},"24":{"start":{"line":27,"column":4},"end":{"line":27,"column":23}},"25":{"start":{"line":28,"column":4},"end":{"line":33,"column":null}},"26":{"start":{"line":29,"column":6},"end":{"line":29,"column":30}},"27":{"start":{"line":30,"column":6},"end":{"line":30,"column":34}},"28":{"start":{"line":32,"column":6},"end":{"line":32,"column":44}},"29":{"start":{"line":35,"column":2},"end":{"line":80,"column":4}},"30":{"start":{"line":60,"column":18},"end":{"line":60,"column":34}},"31":{"start":{"line":83,"column":0},"end":{"line":83,"column":22}}},"fnMap":{"0":{"name":"(anonymous_9)","decl":{"start":{"line":14,"column":15},"end":{"line":14,"column":null}},"loc":{"start":{"line":14,"column":15},"end":{"line":81,"column":1}}},"1":{"name":"(anonymous_10)","decl":{"start":{"line":16,"column":51},"end":{"line":16,"column":52}},"loc":{"start":{"line":16,"column":57},"end":{"line":16,"column":67}}},"2":{"name":"(anonymous_11)","decl":{"start":{"line":21,"column":31},"end":{"line":21,"column":32}},"loc":{"start":{"line":21,"column":64},"end":{"line":24,"column":3}}},"3":{"name":"(anonymous_12)","decl":{"start":{"line":26,"column":28},"end":{"line":26,"column":29}},"loc":{"start":{"line":26,"column":46},"end":{"line":34,"column":3}}},"4":{"name":"(anonymous_13)","decl":{"start":{"line":59,"column":25},"end":{"line":59,"column":null}},"loc":{"start":{"line":59,"column":25},"end":{"line":61,"column":17}}}},"branchMap":{"0":{"loc":{"start":{"line":28,"column":4},"end":{"line":33,"column":null}},"type":"if","locations":[{"start":{"line":28,"column":4},"end":{"line":33,"column":null}},{"start":{"line":28,"column":4},"end":{"line":33,"column":null}}]},"1":{"loc":{"start":{"line":49,"column":14},"end":{"line":49,"column":56}},"type":"cond-expr","locations":[{"start":{"line":49,"column":14},"end":{"line":49,"column":56}},{"start":{"line":50,"column":16},"end":{"line":50,"column":20}}]},"2":{"loc":{"start":{"line":57,"column":14},"end":{"line":61,"column":null}},"type":"cond-expr","locations":[{"start":{"line":57,"column":14},"end":{"line":61,"column":null}},{"start":{"line":65,"column":16},"end":{"line":65,"column":20}}]},"3":{"loc":{"start":{"line":73,"column":12},"end":{"line":73,"column":69}},"type":"cond-expr","locations":[{"start":{"line":73,"column":12},"end":{"line":73,"column":69}},{"start":{"line":75,"column":12},"end":{"line":75,"column":58}}]}},"s":{"0":1,"1":1,"2":1,"3":1,"4":1,"5":1,"6":1,"7":1,"8":1,"9":1,"10":1,"11":15,"12":15,"13":30,"14":15,"15":15,"16":15,"17":15,"18":15,"19":15,"20":15,"21":3,"22":3,"23":15,"24":3,"25":3,"26":2,"27":2,"28":1,"29":15,"30":1,"31":1},"f":{"0":15,"1":30,"2":3,"3":3,"4":1},"b":{"0":[2,1],"1":[1,14],"2":[4,11],"3":[1,14]}}
,"/home/azhar/AZHAR DATA/Azhar Hussain/Testing proj/assignment/github-user-search/src/modules/Search/redux/actionTypes.ts": {"path":"/home/azhar/AZHAR DATA/Azhar Hussain/Testing proj/assignment/github-user-search/src/modules/Search/redux/actionTypes.ts","statementMap":{"0":{"start":{"line":3,"column":0},"end":{"line":3,"column":null}},"1":{"start":{"line":4,"column":1},"end":{"line":4,"column":null}},"2":{"start":{"line":5,"column":1},"end":{"line":5,"column":null}},"3":{"start":{"line":6,"column":1},"end":{"line":6,"column":null}},"4":{"start":{"line":7,"column":1},"end":{"line":7,"column":null}},"5":{"start":{"line":8,"column":1},"end":{"line":8,"column":null}}},"fnMap":{"0":{"name":"(anonymous_0)","decl":{"start":{"line":3,"column":0},"end":{"line":3,"column":12}},"loc":{"start":{"line":3,"column":27},"end":{"line":9,"column":1}}}},"branchMap":{"0":{"loc":{"start":{"line":3,"column":12},"end":{"line":3,"column":27}},"type":"binary-expr","locations":[{"start":{"line":3,"column":12},"end":{"line":3,"column":27}},{"start":{"line":3,"column":12},"end":{"line":3,"column":null}}]}},"s":{"0":3,"1":3,"2":3,"3":3,"4":3,"5":3},"f":{"0":3},"b":{"0":[3,3]}}
,"/home/azhar/AZHAR DATA/Azhar Hussain/Testing proj/assignment/github-user-search/src/modules/Search/redux/actions.ts": {"path":"/home/azhar/AZHAR DATA/Azhar Hussain/Testing proj/assignment/github-user-search/src/modules/Search/redux/actions.ts","statementMap":{"0":{"start":{"line":2,"column":0},"end":{"line":2,"column":82}},"1":{"start":{"line":4,"column":0},"end":{"line":4,"column":144}},"2":{"start":{"line":5,"column":0},"end":{"line":5,"column":40}},"3":{"start":{"line":8,"column":27},"end":{"line":8,"column":52}},"4":{"start":{"line":8,"column":51},"end":{"line":10,"column":3}},"5":{"start":{"line":8,"column":13},"end":{"line":8,"column":27}},"6":{"start":{"line":11,"column":30},"end":{"line":11,"column":71}},"7":{"start":{"line":11,"column":70},"end":{"line":14,"column":3}},"8":{"start":{"line":11,"column":13},"end":{"line":11,"column":30}},"9":{"start":{"line":15,"column":30},"end":{"line":15,"column":70}},"10":{"start":{"line":15,"column":69},"end":{"line":18,"column":3}},"11":{"start":{"line":15,"column":13},"end":{"line":15,"column":30}},"12":{"start":{"line":19,"column":29},"end":{"line":19,"column":57}},"13":{"start":{"line":19,"column":56},"end":{"line":21,"column":3}},"14":{"start":{"line":19,"column":13},"end":{"line":19,"column":29}},"15":{"start":{"line":23,"column":23},"end":{"line":23,"column":50}},"16":{"start":{"line":23,"column":43},"end":{"line":38,"column":2}},"17":{"start":{"line":23,"column":80},"end":{"line":38,"column":2}},"18":{"start":{"line":24,"column":2},"end":{"line":24,"column":28}},"19":{"start":{"line":25,"column":2},"end":{"line":25,"column":26}},"20":{"start":{"line":27,"column":23},"end":{"line":27,"column":null}},"21":{"start":{"line":27,"column":12},"end":{"line":27,"column":null}},"22":{"start":{"line":28,"column":14},"end":{"line":28,"column":25}},"23":{"start":{"line":29,"column":19},"end":{"line":29,"column":null}},"24":{"start":{"line":29,"column":12},"end":{"line":29,"column":null}},"25":{"start":{"line":30,"column":6},"end":{"line":34,"column":null}},"26":{"start":{"line":31,"column":8},"end":{"line":31,"column":66}},"27":{"start":{"line":33,"column":8},"end":{"line":33,"column":54}},"28":{"start":{"line":36,"column":4},"end":{"line":36,"column":44}},"29":{"start":{"line":23,"column":13},"end":{"line":23,"column":23}}},"fnMap":{"0":{"name":"(anonymous_13)","decl":{"start":{"line":8,"column":27},"end":{"line":8,"column":51}},"loc":{"start":{"line":8,"column":27},"end":{"line":8,"column":52}}},"1":{"name":"(anonymous_14)","decl":{"start":{"line":11,"column":30},"end":{"line":11,"column":31}},"loc":{"start":{"line":11,"column":44},"end":{"line":11,"column":71}}},"2":{"name":"(anonymous_15)","decl":{"start":{"line":15,"column":30},"end":{"line":15,"column":31}},"loc":{"start":{"line":15,"column":43},"end":{"line":15,"column":70}}},"3":{"name":"(anonymous_16)","decl":{"start":{"line":19,"column":29},"end":{"line":19,"column":56}},"loc":{"start":{"line":19,"column":29},"end":{"line":19,"column":57}}},"4":{"name":"(anonymous_17)","decl":{"start":{"line":23,"column":23},"end":{"line":23,"column":24}},"loc":{"start":{"line":23,"column":38},"end":{"line":23,"column":50}}},"5":{"name":"(anonymous_18)","decl":{"start":{"line":23,"column":43},"end":{"line":23,"column":50}},"loc":{"start":{"line":23,"column":80},"end":{"line":38,"column":2}}},"6":{"name":"(anonymous_19)","decl":{"start":{"line":23,"column":80},"end":{"line":23,"column":null}},"loc":{"start":{"line":23,"column":80},"end":{"line":38,"column":2}}}},"branchMap":{"0":{"loc":{"start":{"line":30,"column":6},"end":{"line":34,"column":null}},"type":"if","locations":[{"start":{"line":30,"column":6},"end":{"line":34,"column":null}},{"start":{"line":30,"column":6},"end":{"line":34,"column":null}}]},"1":{"loc":{"start":{"line":30,"column":9},"end":{"line":30,"column":22}},"type":"binary-expr","locations":[{"start":{"line":30,"column":9},"end":{"line":30,"column":22}},{"start":{"line":30,"column":26},"end":{"line":30,"column":37}}]}},"s":{"0":2,"1":2,"2":2,"3":2,"4":6,"5":2,"6":2,"7":2,"8":2,"9":2,"10":5,"11":2,"12":2,"13":6,"14":2,"15":2,"16":5,"17":5,"18":5,"19":5,"20":5,"21":3,"22":2,"23":2,"24":2,"25":2,"26":1,"27":1,"28":4,"29":2},"f":{"0":6,"1":2,"2":5,"3":6,"4":5,"5":5,"6":5},"b":{"0":[1,1],"1":[2,2]}}
,"/home/azhar/AZHAR DATA/Azhar Hussain/Testing proj/assignment/github-user-search/src/modules/Search/redux/reducer.ts": {"path":"/home/azhar/AZHAR DATA/Azhar Hussain/Testing proj/assignment/github-user-search/src/modules/Search/redux/reducer.ts","statementMap":{"0":{"start":{"line":3,"column":0},"end":{"line":3,"column":28}},"1":{"start":{"line":4,"column":0},"end":{"line":4,"column":67}},"2":{"start":{"line":7,"column":33},"end":{"line":14,"column":2}},"3":{"start":{"line":16,"column":21},"end":{"line":52,"column":1}},"4":{"start":{"line":16,"column":22},"end":{"line":16,"column":43}},"5":{"start":{"line":17,"column":2},"end":{"line":51,"column":null}},"6":{"start":{"line":19,"column":6},"end":{"line":21,"column":9}},"7":{"start":{"line":20,"column":8},"end":{"line":20,"column":31}},"8":{"start":{"line":25,"column":6},"end":{"line":31,"column":9}},"9":{"start":{"line":26,"column":8},"end":{"line":30,"column":39}},"10":{"start":{"line":34,"column":6},"end":{"line":37,"column":9}},"11":{"start":{"line":35,"column":8},"end":{"line":36,"column":35}},"12":{"start":{"line":40,"column":6},"end":{"line":47,"column":9}},"13":{"start":{"line":41,"column":8},"end":{"line":43,"column":28}},"14":{"start":{"line":44,"column":8},"end":{"line":46,"column":25}},"15":{"start":{"line":50,"column":6},"end":{"line":50,"column":19}},"16":{"start":{"line":53,"column":0},"end":{"line":53,"column":27}}},"fnMap":{"0":{"name":"(anonymous_1)","decl":{"start":{"line":16,"column":21},"end":{"line":16,"column":22}},"loc":{"start":{"line":16,"column":69},"end":{"line":52,"column":1}}},"1":{"name":"(anonymous_2)","decl":{"start":{"line":19,"column":28},"end":{"line":19,"column":33}},"loc":{"start":{"line":19,"column":33},"end":{"line":21,"column":7}}},"2":{"name":"(anonymous_3)","decl":{"start":{"line":25,"column":40},"end":{"line":25,"column":45}},"loc":{"start":{"line":25,"column":45},"end":{"line":31,"column":7}}},"3":{"name":"(anonymous_4)","decl":{"start":{"line":34,"column":40},"end":{"line":34,"column":45}},"loc":{"start":{"line":34,"column":45},"end":{"line":37,"column":7}}},"4":{"name":"(anonymous_5)","decl":{"start":{"line":40,"column":40},"end":{"line":40,"column":45}},"loc":{"start":{"line":40,"column":45},"end":{"line":47,"column":7}}}},"branchMap":{"0":{"loc":{"start":{"line":16,"column":22},"end":{"line":16,"column":43}},"type":"if","locations":[{"start":{"line":16,"column":22},"end":{"line":16,"column":43}},{"start":{"line":16,"column":22},"end":{"line":16,"column":43}}]},"1":{"loc":{"start":{"line":18,"column":4},"end":{"line":22,"column":null}},"type":"switch","locations":[{"start":{"line":18,"column":4},"end":{"line":22,"column":null}},{"start":{"line":23,"column":4},"end":{"line":32,"column":null}},{"start":{"line":33,"column":4},"end":{"line":38,"column":null}},{"start":{"line":39,"column":4},"end":{"line":48,"column":null}},{"start":{"line":49,"column":4},"end":{"line":50,"column":19}}]}},"s":{"0":1,"1":1,"2":1,"3":1,"4":6,"5":5,"6":1,"7":1,"8":1,"9":1,"10":1,"11":1,"12":1,"13":1,"14":1,"15":1,"16":1},"f":{"0":5,"1":1,"2":1,"3":1,"4":1},"b":{"0":[1,4],"1":[1,1,1,1,1]}}
,"/home/azhar/AZHAR DATA/Azhar Hussain/Testing proj/assignment/github-user-search/src/modules/Search/redux/services.ts": {"path":"/home/azhar/AZHAR DATA/Azhar Hussain/Testing proj/assignment/github-user-search/src/modules/Search/redux/services.ts","statementMap":{"0":{"start":{"line":1,"column":0},"end":{"line":1,"column":49}},"1":{"start":{"line":3,"column":26},"end":{"line":5,"column":1}},"2":{"start":{"line":4,"column":6},"end":{"line":4,"column":54}},"3":{"start":{"line":3,"column":13},"end":{"line":3,"column":26}}},"fnMap":{"0":{"name":"(anonymous_0)","decl":{"start":{"line":3,"column":26},"end":{"line":3,"column":27}},"loc":{"start":{"line":3,"column":41},"end":{"line":5,"column":1}}}},"branchMap":{},"s":{"0":3,"1":3,"2":6,"3":3},"f":{"0":6},"b":{}}
,"/home/azhar/AZHAR DATA/Azhar Hussain/Testing proj/assignment/github-user-search/src/utils/constants.ts": {"path":"/home/azhar/AZHAR DATA/Azhar Hussain/Testing proj/assignment/github-user-search/src/utils/constants.ts","statementMap":{"0":{"start":{"line":1,"column":13},"end":{"line":1,"column":79}},"1":{"start":{"line":3,"column":13},"end":{"line":3,"column":49}},"2":{"start":{"line":4,"column":13},"end":{"line":4,"column":70}},"3":{"start":{"line":5,"column":13},"end":{"line":5,"column":50}}},"fnMap":{},"branchMap":{"0":{"loc":{"start":{"line":1,"column":30},"end":{"line":1,"column":56}},"type":"binary-expr","locations":[{"start":{"line":1,"column":30},"end":{"line":1,"column":56}},{"start":{"line":1,"column":60},"end":{"line":1,"column":78}}]}},"s":{"0":9,"1":9,"2":9,"3":9},"f":{},"b":{"0":[9,9]}}
,"/home/azhar/AZHAR DATA/Azhar Hussain/Testing proj/assignment/github-user-search/src/utils/helper.ts": {"path":"/home/azhar/AZHAR DATA/Azhar Hussain/Testing proj/assignment/github-user-search/src/utils/helper.ts","statementMap":{"0":{"start":{"line":3,"column":0},"end":{"line":3,"column":67}},"1":{"start":{"line":5,"column":30},"end":{"line":16,"column":1}},"2":{"start":{"line":6,"column":2},"end":{"line":14,"column":null}},"3":{"start":{"line":7,"column":4},"end":{"line":7,"column":24}},"4":{"start":{"line":9,"column":7},"end":{"line":14,"column":null}},"5":{"start":{"line":10,"column":4},"end":{"line":10,"column":29}},"6":{"start":{"line":12,"column":7},"end":{"line":14,"column":null}},"7":{"start":{"line":13,"column":4},"end":{"line":13,"column":66}},"8":{"start":{"line":15,"column":2},"end":{"line":15,"column":27}},"9":{"start":{"line":5,"column":13},"end":{"line":5,"column":30}},"10":{"start":{"line":19,"column":41},"end":{"line":27,"column":1}},"11":{"start":{"line":20,"column":15},"end":{"line":20,"column":19}},"12":{"start":{"line":21,"column":2},"end":{"line":26,"column":4}},"13":{"start":{"line":19,"column":13},"end":{"line":19,"column":41}},"14":{"start":{"line":29,"column":47},"end":{"line":51,"column":1}},"15":{"start":{"line":30,"column":25},"end":{"line":37,"column":4}},"16":{"start":{"line":30,"column":45},"end":{"line":30,"column":59}},"17":{"start":{"line":31,"column":4},"end":{"line":36,"column":6}},"18":{"start":{"line":38,"column":19},"end":{"line":38,"column":21}},"19":{"start":{"line":39,"column":2},"end":{"line":49,"column":null}},"20":{"start":{"line":40,"column":4},"end":{"line":40,"column":21}},"21":{"start":{"line":43,"column":23},"end":{"line":43,"column":62}},"22":{"start":{"line":44,"column":4},"end":{"line":48,"column":null}},"23":{"start":{"line":45,"column":6},"end":{"line":45,"column":33}},"24":{"start":{"line":47,"column":6},"end":{"line":47,"column":23}},"25":{"start":{"line":50,"column":2},"end":{"line":50,"column":69}},"26":{"start":{"line":29,"column":13},"end":{"line":29,"column":47}},"27":{"start":{"line":54,"column":37},"end":{"line":58,"column":1}},"28":{"start":{"line":55,"column":23},"end":{"line":55,"column":28}},"29":{"start":{"line":55,"column":14},"end":{"line":55,"column":23}},"30":{"start":{"line":56,"column":19},"end":{"line":56,"column":39}},"31":{"start":{"line":56,"column":32},"end":{"line":56,"column":39}},"32":{"start":{"line":57,"column":2},"end":{"line":57,"column":18}},"33":{"start":{"line":54,"column":13},"end":{"line":54,"column":37}}},"fnMap":{"0":{"name":"(anonymous_0)","decl":{"start":{"line":5,"column":30},"end":{"line":5,"column":31}},"loc":{"start":{"line":5,"column":56},"end":{"line":16,"column":1}}},"1":{"name":"(anonymous_1)","decl":{"start":{"line":19,"column":41},"end":{"line":19,"column":42}},"loc":{"start":{"line":19,"column":51},"end":{"line":27,"column":1}}},"2":{"name":"(anonymous_2)","decl":{"start":{"line":29,"column":47},"end":{"line":29,"column":48}},"loc":{"start":{"line":29,"column":72},"end":{"line":51,"column":1}}},"3":{"name":"(anonymous_3)","decl":{"start":{"line":30,"column":37},"end":{"line":30,"column":41}},"loc":{"start":{"line":30,"column":41},"end":{"line":30,"column":46}}},"4":{"name":"(anonymous_4)","decl":{"start":{"line":30,"column":64},"end":{"line":30,"column":68}},"loc":{"start":{"line":30,"column":68},"end":{"line":37,"column":3}}},"5":{"name":"(anonymous_5)","decl":{"start":{"line":54,"column":37},"end":{"line":54,"column":38}},"loc":{"start":{"line":54,"column":47},"end":{"line":58,"column":1}}},"6":{"name":"(anonymous_6)","decl":{"start":{"line":56,"column":28},"end":{"line":56,"column":29}},"loc":{"start":{"line":56,"column":29},"end":{"line":56,"column":33}}}},"branchMap":{"0":{"loc":{"start":{"line":6,"column":2},"end":{"line":14,"column":null}},"type":"if","locations":[{"start":{"line":6,"column":2},"end":{"line":14,"column":null}},{"start":{"line":6,"column":2},"end":{"line":14,"column":null}}]},"1":{"loc":{"start":{"line":9,"column":7},"end":{"line":14,"column":null}},"type":"if","locations":[{"start":{"line":9,"column":7},"end":{"line":14,"column":null}},{"start":{"line":9,"column":7},"end":{"line":14,"column":null}}]},"2":{"loc":{"start":{"line":9,"column":10},"end":{"line":9,"column":24}},"type":"binary-expr","locations":[{"start":{"line":9,"column":10},"end":{"line":9,"column":24}},{"start":{"line":9,"column":28},"end":{"line":9,"column":41}}]},"3":{"loc":{"start":{"line":12,"column":7},"end":{"line":14,"column":null}},"type":"if","locations":[{"start":{"line":12,"column":7},"end":{"line":14,"column":null}},{"start":{"line":12,"column":7},"end":{"line":14,"column":null}}]},"4":{"loc":{"start":{"line":22,"column":11},"end":{"line":22,"column":21}},"type":"binary-expr","locations":[{"start":{"line":22,"column":11},"end":{"line":22,"column":21}},{"start":{"line":22,"column":25},"end":{"line":22,"column":27}}]},"5":{"loc":{"start":{"line":23,"column":16},"end":{"line":23,"column":31}},"type":"binary-expr","locations":[{"start":{"line":23,"column":16},"end":{"line":23,"column":31}},{"start":{"line":23,"column":35},"end":{"line":23,"column":37}}]},"6":{"loc":{"start":{"line":24,"column":10},"end":{"line":24,"column":19}},"type":"binary-expr","locations":[{"start":{"line":24,"column":10},"end":{"line":24,"column":19}},{"start":{"line":24,"column":23},"end":{"line":24,"column":25}}]},"7":{"loc":{"start":{"line":25,"column":9},"end":{"line":25,"column":17}},"type":"binary-expr","locations":[{"start":{"line":25,"column":9},"end":{"line":25,"column":17}},{"start":{"line":25,"column":21},"end":{"line":25,"column":23}}]},"8":{"loc":{"start":{"line":39,"column":2},"end":{"line":49,"column":null}},"type":"if","locations":[{"start":{"line":39,"column":2},"end":{"line":49,"column":null}},{"start":{"line":39,"column":2},"end":{"line":49,"column":null}}]},"9":{"loc":{"start":{"line":44,"column":4},"end":{"line":48,"column":null}},"type":"if","locations":[{"start":{"line":44,"column":4},"end":{"line":48,"column":null}},{"start":{"line":44,"column":4},"end":{"line":48,"column":null}}]},"10":{"loc":{"start":{"line":55,"column":16},"end":{"line":55,"column":18}},"type":"cond-expr","locations":[{"start":{"line":55,"column":16},"end":{"line":55,"column":18}},{"start":{"line":55,"column":18},"end":{"line":55,"column":23}}]}},"s":{"0":7,"1":7,"2":9,"3":1,"4":8,"5":2,"6":6,"7":5,"8":1,"9":7,"10":7,"11":3,"12":3,"13":7,"14":7,"15":5,"16":8,"17":8,"18":5,"19":5,"20":3,"21":2,"22":2,"23":1,"24":1,"25":5,"26":7,"27":7,"28":4,"29":4,"30":4,"31":6,"32":4,"33":7},"f":{"0":9,"1":3,"2":5,"3":8,"4":8,"5":4,"6":6},"b":{"0":[1,8],"1":[2,6],"2":[8,2],"3":[5,1],"4":[3,1],"5":[3,1],"6":[3,1],"7":[3,1],"8":[3,2],"9":[1,1],"10":[1,3]}}
,"/home/azhar/AZHAR DATA/Azhar Hussain/Testing proj/assignment/github-user-search/src/utils/layout.ts": {"path":"/home/azhar/AZHAR DATA/Azhar Hussain/Testing proj/assignment/github-user-search/src/utils/layout.ts","statementMap":{"0":{"start":{"line":2,"column":15},"end":{"line":11,"column":2}},"1":{"start":{"line":18,"column":2},"end":{"line":18,"column":8}},"2":{"start":{"line":13,"column":20},"end":{"line":13,"column":21}},"3":{"start":{"line":15,"column":16},"end":{"line":15,"column":54}},"4":{"start":{"line":15,"column":17},"end":{"line":15,"column":44}},"5":{"start":{"line":15,"column":44},"end":{"line":15,"column":69}},"6":{"start":{"line":19,"column":2},"end":{"line":19,"column":9}}},"fnMap":{"0":{"name":"(anonymous_0)","decl":{"start":{"line":15,"column":16},"end":{"line":15,"column":17}},"loc":{"start":{"line":15,"column":31},"end":{"line":15,"column":54}}}},"branchMap":{"0":{"loc":{"start":{"line":15,"column":17},"end":{"line":15,"column":44}},"type":"if","locations":[{"start":{"line":15,"column":17},"end":{"line":15,"column":44}},{"start":{"line":15,"column":17},"end":{"line":15,"column":44}}]}},"s":{"0":3,"1":3,"2":3,"3":3,"4":24,"5":20,"6":3},"f":{"0":20},"b":{"0":[4,16]}}
}
