TN:
SF:src/elements/Button/index.tsx
FN:12,(anonymous_7)
FN:14,(anonymous_8)
FN:16,(anonymous_9)
FN:20,(anonymous_10)
FNF:4
FNH:4
FNDA:41,(anonymous_7)
FNDA:41,(anonymous_8)
FNDA:41,(anonymous_9)
FNDA:41,(anonymous_10)
DA:1,3
DA:2,3
DA:9,3
DA:13,41
DA:15,41
DA:17,41
DA:21,41
DA:28,3
LF:8
LH:8
BRDA:9,0,0,3
BRDA:9,0,1,3
BRDA:13,1,0,14
BRDA:13,1,1,27
BRDA:15,2,0,14
BRDA:15,2,1,27
BRDA:17,3,0,14
BRDA:17,3,1,27
BRDA:21,4,0,41
BRDA:21,4,1,0
BRDA:22,5,0,0
BRDA:22,5,1,0
BRF:12
BRH:9
end_of_record
TN:
SF:src/elements/Card/index.tsx
FN:42,(anonymous_5)
FNF:1
FNH:1
FNDA:91,(anonymous_5)
DA:1,2
DA:2,2
DA:3,2
DA:5,2
DA:12,2
DA:16,2
DA:22,2
DA:33,2
DA:42,91
DA:43,91
DA:45,2
DA:46,2
DA:47,2
DA:48,2
DA:50,2
LF:15
LH:15
BRDA:5,0,0,2
BRDA:5,0,1,2
BRDA:12,1,0,2
BRDA:12,1,1,2
BRDA:16,2,0,2
BRDA:16,2,1,2
BRDA:22,3,0,2
BRDA:22,3,1,2
BRDA:33,4,0,2
BRDA:33,4,1,2
BRF:10
BRH:10
end_of_record
TN:
SF:src/elements/Error/index .tsx
FN:9,(anonymous_2)
FNF:1
FNH:1
FNDA:6,(anonymous_2)
DA:1,3
DA:2,3
DA:7,3
DA:9,6
DA:12,3
LF:5
LH:5
BRDA:7,0,0,3
BRDA:7,0,1,3
BRDA:9,1,0,5
BRDA:9,1,1,1
BRF:4
BRH:4
end_of_record
TN:
SF:src/elements/ErrorCard/index.tsx
FN:5,(anonymous_1)
FNF:1
FNH:1
FNDA:6,(anonymous_1)
DA:1,3
DA:3,3
DA:5,3
DA:6,12
DA:7,6
DA:9,3
LF:6
LH:6
BRF:0
BRH:0
end_of_record
TN:
SF:src/elements/Input/index.tsx
FNF:0
FNH:0
DA:1,1
DA:2,1
DA:3,1
DA:10,1
LF:4
LH:4
BRDA:3,0,0,1
BRDA:3,0,1,1
BRF:2
BRH:2
end_of_record
TN:
SF:src/elements/LoaderCard/index.tsx
FN:5,(anonymous_1)
FNF:1
FNH:1
FNDA:4,(anonymous_1)
DA:1,3
DA:2,3
DA:5,3
DA:6,4
DA:7,4
DA:9,3
LF:6
LH:6
BRDA:7,0,0,4
BRDA:7,0,1,3
BRF:2
BRH:2
end_of_record
TN:
SF:src/elements/Pagination/index.tsx
FN:5,(anonymous_1)
FNF:1
FNH:1
FNDA:5,(anonymous_1)
DA:1,1
DA:3,1
DA:5,1
DA:6,20
DA:7,5
DA:29,1
LF:6
LH:6
BRF:0
BRH:0
end_of_record
TN:
SF:src/modules/Repository/RepositoryCard.tsx
FN:7,(anonymous_1)
FNF:1
FNH:1
FNDA:80,(anonymous_1)
DA:1,1
DA:2,1
DA:3,1
DA:4,1
DA:7,1
DA:8,320
DA:9,80
DA:26,1
LF:8
LH:8
BRF:0
BRH:0
end_of_record
TN:
SF:src/modules/Repository/constants.ts
FNF:0
FNH:0
DA:1,3
DA:3,3
LF:2
LH:2
BRF:0
BRH:0
end_of_record
TN:
SF:src/modules/Repository/helper.ts
FN:4,(anonymous_0)
FN:11,(anonymous_1)
FNF:2
FNH:2
FNDA:13,(anonymous_0)
FNDA:4,(anonymous_1)
DA:1,3
DA:4,3
DA:5,13
DA:6,13
DA:7,13
DA:8,13
DA:11,3
DA:12,4
DA:13,3
DA:16,1
LF:10
LH:10
BRDA:6,0,0,13
BRDA:6,0,1,7
BRDA:7,1,0,13
BRDA:7,1,1,1
BRDA:12,2,0,3
BRDA:12,2,1,1
BRF:6
BRH:6
end_of_record
TN:
SF:src/modules/Repository/hooks.ts
FN:4,(anonymous_0)
FN:7,(anonymous_1)
FN:14,(anonymous_2)
FN:16,(anonymous_3)
FNF:4
FNH:4
FNDA:10,(anonymous_0)
FNDA:3,(anonymous_1)
FNDA:10,(anonymous_2)
FNDA:3,(anonymous_3)
DA:2,2
DA:4,2
DA:5,10
DA:7,10
DA:8,3
DA:9,2
DA:14,2
DA:15,10
DA:16,10
DA:17,3
DA:18,2
LF:11
LH:11
BRDA:8,0,0,2
BRDA:8,0,1,1
BRDA:17,1,0,2
BRDA:17,1,1,1
BRF:4
BRH:4
end_of_record
TN:
SF:src/modules/Repository/index.tsx
FN:16,(anonymous_9)
FN:19,(anonymous_10)
FN:28,(anonymous_11)
FN:56,(anonymous_12)
FN:67,(anonymous_13)
FNF:5
FNH:4
FNDA:8,(anonymous_9)
FNDA:29,(anonymous_10)
FNDA:7,(anonymous_11)
FNDA:0,(anonymous_12)
FNDA:80,(anonymous_13)
DA:1,1
DA:2,1
DA:3,1
DA:4,1
DA:6,1
DA:7,1
DA:9,1
DA:10,1
DA:11,1
DA:12,1
DA:14,1
DA:16,1
DA:17,8
DA:18,8
DA:19,29
DA:21,32
DA:22,8
DA:24,8
DA:25,8
DA:26,8
DA:28,8
DA:29,7
DA:30,0
DA:32,7
DA:36,7
DA:40,8
DA:42,8
DA:43,8
DA:45,8
DA:46,8
DA:56,0
DA:68,80
DA:102,1
LF:33
LH:31
BRDA:29,0,0,0
BRDA:29,0,1,7
BRDA:45,1,0,8
BRDA:45,1,1,7
BRDA:65,2,0,1
BRDA:65,2,1,7
BRDA:78,3,0,1
BRDA:78,3,1,7
BRDA:77,4,0,8
BRDA:77,4,1,7
BRDA:87,5,0,5
BRDA:87,5,1,3
BRF:12
BRH:11
end_of_record
TN:
SF:src/modules/Repository/redux/actionTypes.ts
FN:3,(anonymous_0)
FNF:1
FNH:1
FNDA:2,(anonymous_0)
DA:3,2
DA:4,2
DA:5,2
DA:6,2
DA:7,2
LF:5
LH:5
BRDA:3,0,0,2
BRDA:3,0,1,2
BRF:2
BRH:2
end_of_record
TN:
SF:src/modules/Repository/redux/actions.ts
FN:15,(anonymous_13)
FN:19,(anonymous_14)
FN:24,(anonymous_15)
FN:30,(anonymous_16)
FN:30,(anonymous_17)
FN:30,(anonymous_18)
FNF:6
FNH:6
FNDA:11,(anonymous_13)
FNDA:2,(anonymous_14)
FNDA:10,(anonymous_15)
FNDA:10,(anonymous_16)
FNDA:10,(anonymous_17)
FNDA:10,(anonymous_18)
DA:2,2
DA:3,2
DA:5,2
DA:12,2
DA:15,11
DA:18,2
DA:19,2
DA:23,2
DA:24,10
DA:29,2
DA:30,10
DA:31,10
DA:33,10
DA:34,10
DA:35,10
DA:36,3
DA:38,3
DA:39,2
DA:41,2
DA:43,2
DA:44,1
DA:46,1
DA:50,1
DA:53,9
LF:24
LH:24
BRDA:38,0,0,2
BRDA:38,0,1,1
BRDA:38,1,0,3
BRDA:38,1,1,3
BRDA:43,2,0,1
BRDA:43,2,1,1
BRF:6
BRH:6
end_of_record
TN:
SF:src/modules/Repository/redux/services.ts
FN:4,(anonymous_0)
FNF:1
FNH:1
FNDA:11,(anonymous_0)
DA:1,2
DA:4,2
DA:5,11
DA:6,11
LF:4
LH:4
BRF:0
BRH:0
end_of_record
TN:
SF:src/modules/RepositoryDetail/constants.ts
FNF:0
FNH:0
DA:1,2
DA:3,2
DA:4,2
LF:3
LH:3
BRF:0
BRH:0
end_of_record
TN:
SF:src/modules/RepositoryDetail/helper.ts
FN:3,(anonymous_0)
FN:11,(anonymous_1)
FNF:2
FNH:2
FNDA:21,(anonymous_0)
FNDA:4,(anonymous_1)
DA:3,3
DA:4,21
DA:5,21
DA:6,21
DA:7,21
DA:11,3
DA:12,4
DA:13,4
DA:14,2
DA:16,4
LF:10
LH:10
BRDA:5,0,0,21
BRDA:5,0,1,2
BRDA:6,1,0,21
BRDA:6,1,1,2
BRDA:13,2,0,2
BRDA:13,2,1,2
BRDA:13,3,0,1
BRDA:13,3,1,3
BRDA:13,4,0,4
BRDA:13,4,1,3
BRF:10
BRH:10
end_of_record
TN:
SF:src/modules/RepositoryDetail/index.tsx
FN:13,(anonymous_7)
FN:18,(anonymous_8)
FN:25,(anonymous_9)
FN:28,(anonymous_10)
FN:49,(anonymous_11)
FN:66,(anonymous_12)
FNF:6
FNH:6
FNDA:6,(anonymous_7)
FNDA:24,(anonymous_8)
FNDA:6,(anonymous_9)
FNDA:6,(anonymous_10)
FNDA:1,(anonymous_11)
FNDA:60,(anonymous_12)
DA:1,1
DA:2,1
DA:3,1
DA:4,1
DA:5,1
DA:7,1
DA:8,1
DA:10,1
DA:11,1
DA:13,1
DA:14,6
DA:15,6
DA:16,6
DA:18,24
DA:20,36
DA:21,6
DA:25,6
DA:26,6
DA:28,6
DA:29,6
DA:31,6
DA:50,1
DA:66,60
DA:95,1
LF:24
LH:24
BRDA:62,0,0,1
BRDA:62,0,1,5
BRDA:65,1,0,5
BRDA:65,1,1,4
BRDA:75,2,0,1
BRDA:75,2,1,5
BRDA:74,3,0,6
BRDA:74,3,1,5
BRDA:85,4,0,1
BRDA:85,4,1,5
BRDA:87,5,0,1
BRDA:87,5,1,5
BRDA:86,6,0,6
BRDA:86,6,1,5
BRF:14
BRH:14
end_of_record
TN:
SF:src/modules/RepositoryDetail/redux/actions.ts
FN:21,(anonymous_13)
FN:25,(anonymous_14)
FN:30,(anonymous_15)
FN:36,(anonymous_16)
FN:36,(anonymous_17)
FN:36,(anonymous_18)
FN:54,(anonymous_20)
FN:57,(anonymous_21)
FN:61,(anonymous_22)
FN:68,(anonymous_23)
FN:68,(anonymous_24)
FN:68,(anonymous_25)
FNF:12
FNH:12
FNDA:8,(anonymous_13)
FNDA:1,(anonymous_14)
FNDA:1,(anonymous_15)
FNDA:8,(anonymous_16)
FNDA:8,(anonymous_17)
FNDA:8,(anonymous_18)
FNDA:9,(anonymous_20)
FNDA:2,(anonymous_21)
FNDA:1,(anonymous_22)
FNDA:9,(anonymous_23)
FNDA:9,(anonymous_24)
FNDA:9,(anonymous_25)
DA:2,2
DA:3,2
DA:17,2
DA:20,2
DA:21,8
DA:24,2
DA:25,2
DA:29,2
DA:30,2
DA:35,2
DA:36,8
DA:37,8
DA:39,8
DA:40,2
DA:41,2
DA:42,2
DA:43,1
DA:45,1
DA:48,1
DA:54,9
DA:57,2
DA:61,2
DA:67,2
DA:68,9
DA:69,9
DA:71,9
DA:72,3
DA:73,3
DA:74,3
DA:76,2
DA:77,2
DA:79,1
DA:82,1
LF:33
LH:33
BRDA:42,0,0,1
BRDA:42,0,1,1
BRDA:42,1,0,2
BRDA:42,1,1,2
BRDA:74,2,0,2
BRDA:74,2,1,1
BRDA:74,3,0,3
BRDA:74,3,1,3
BRF:8
BRH:8
end_of_record
TN:
SF:src/modules/RepositoryDetail/redux/services.ts
FN:5,(anonymous_0)
FN:8,(anonymous_1)
FNF:2
FNH:2
FNDA:9,(anonymous_0)
FNDA:10,(anonymous_1)
DA:1,2
DA:2,2
DA:5,2
DA:6,9
DA:8,2
DA:9,10
LF:6
LH:6
BRF:0
BRH:0
end_of_record
TN:
SF:src/modules/Search/UserCard.tsx
FN:6,(anonymous_1)
FNF:1
FNH:1
FNDA:13,(anonymous_1)
DA:1,1
DA:2,1
DA:3,1
DA:4,1
DA:6,1
DA:7,78
DA:8,13
DA:33,1
LF:8
LH:8
BRDA:10,0,0,2
BRDA:10,0,1,11
BRDA:10,1,0,13
BRDA:10,1,1,2
BRDA:13,2,0,11
BRDA:13,2,1,2
BRDA:20,3,0,11
BRDA:20,3,1,1
BRF:8
BRH:8
end_of_record
TN:
SF:src/modules/Search/constants.ts
FNF:0
FNH:0
DA:1,3
DA:3,3
DA:5,3
DA:6,3
LF:4
LH:4
BRF:0
BRH:0
end_of_record
TN:
SF:src/modules/Search/index.tsx
FN:14,(anonymous_9)
FN:16,(anonymous_10)
FN:21,(anonymous_11)
FN:26,(anonymous_12)
FN:59,(anonymous_13)
FNF:5
FNH:5
FNDA:15,(anonymous_9)
FNDA:30,(anonymous_10)
FNDA:3,(anonymous_11)
FNDA:3,(anonymous_12)
FNDA:1,(anonymous_13)
DA:1,1
DA:2,1
DA:3,1
DA:4,1
DA:5,1
DA:6,1
DA:7,1
DA:9,1
DA:10,1
DA:12,1
DA:14,1
DA:15,15
DA:16,30
DA:17,15
DA:18,15
DA:21,15
DA:22,3
DA:23,3
DA:26,15
DA:27,3
DA:28,3
DA:29,2
DA:30,2
DA:32,1
DA:35,15
DA:60,1
DA:83,1
LF:27
LH:27
BRDA:28,0,0,2
BRDA:28,0,1,1
BRDA:49,1,0,1
BRDA:49,1,1,14
BRDA:57,2,0,4
BRDA:57,2,1,11
BRDA:73,3,0,1
BRDA:73,3,1,14
BRF:8
BRH:8
end_of_record
TN:
SF:src/modules/Search/redux/actionTypes.ts
FN:3,(anonymous_0)
FNF:1
FNH:1
FNDA:3,(anonymous_0)
DA:3,3
DA:4,3
DA:5,3
DA:6,3
DA:7,3
DA:8,3
LF:6
LH:6
BRDA:3,0,0,3
BRDA:3,0,1,3
BRF:2
BRH:2
end_of_record
TN:
SF:src/modules/Search/redux/actions.ts
FN:8,(anonymous_13)
FN:11,(anonymous_14)
FN:15,(anonymous_15)
FN:19,(anonymous_16)
FN:23,(anonymous_17)
FN:23,(anonymous_18)
FN:23,(anonymous_19)
FNF:7
FNH:7
FNDA:6,(anonymous_13)
FNDA:2,(anonymous_14)
FNDA:5,(anonymous_15)
FNDA:6,(anonymous_16)
FNDA:5,(anonymous_17)
FNDA:5,(anonymous_18)
FNDA:5,(anonymous_19)
DA:2,2
DA:4,2
DA:5,2
DA:8,6
DA:11,2
DA:15,5
DA:19,6
DA:23,5
DA:24,5
DA:25,5
DA:27,5
DA:28,2
DA:29,2
DA:30,2
DA:31,1
DA:33,1
DA:36,4
LF:17
LH:17
BRDA:30,0,0,1
BRDA:30,0,1,1
BRDA:30,1,0,2
BRDA:30,1,1,2
BRF:4
BRH:4
end_of_record
TN:
SF:src/modules/Search/redux/reducer.ts
FN:16,(anonymous_1)
FN:19,(anonymous_2)
FN:25,(anonymous_3)
FN:34,(anonymous_4)
FN:40,(anonymous_5)
FNF:5
FNH:5
FNDA:5,(anonymous_1)
FNDA:1,(anonymous_2)
FNDA:1,(anonymous_3)
FNDA:1,(anonymous_4)
FNDA:1,(anonymous_5)
DA:3,1
DA:4,1
DA:7,1
DA:16,6
DA:17,5
DA:19,1
DA:20,1
DA:25,1
DA:26,1
DA:34,1
DA:35,1
DA:40,1
DA:41,1
DA:44,1
DA:50,1
DA:53,1
LF:16
LH:16
BRDA:16,0,0,1
BRDA:16,0,1,4
BRDA:18,1,0,1
BRDA:18,1,1,1
BRDA:18,1,2,1
BRDA:18,1,3,1
BRDA:18,1,4,1
BRF:7
BRH:7
end_of_record
TN:
SF:src/modules/Search/redux/services.ts
FN:3,(anonymous_0)
FNF:1
FNH:1
FNDA:6,(anonymous_0)
DA:1,3
DA:3,3
DA:4,6
LF:3
LH:3
BRF:0
BRH:0
end_of_record
TN:
SF:src/utils/constants.ts
FNF:0
FNH:0
DA:1,9
DA:3,9
DA:4,9
DA:5,9
LF:4
LH:4
BRDA:1,0,0,9
BRDA:1,0,1,9
BRF:2
BRH:2
end_of_record
TN:
SF:src/utils/helper.ts
FN:5,(anonymous_0)
FN:19,(anonymous_1)
FN:29,(anonymous_2)
FN:30,(anonymous_3)
FN:30,(anonymous_4)
FN:54,(anonymous_5)
FN:56,(anonymous_6)
FNF:7
FNH:7
FNDA:9,(anonymous_0)
FNDA:3,(anonymous_1)
FNDA:5,(anonymous_2)
FNDA:8,(anonymous_3)
FNDA:8,(anonymous_4)
FNDA:4,(anonymous_5)
FNDA:6,(anonymous_6)
DA:3,7
DA:5,7
DA:6,9
DA:7,1
DA:9,8
DA:10,2
DA:12,6
DA:13,5
DA:15,1
DA:19,7
DA:20,3
DA:21,3
DA:29,7
DA:30,8
DA:31,8
DA:38,5
DA:39,5
DA:40,3
DA:43,2
DA:44,2
DA:45,1
DA:47,1
DA:50,5
DA:54,7
DA:55,4
DA:56,6
DA:57,4
LF:27
LH:27
BRDA:6,0,0,1
BRDA:6,0,1,8
BRDA:9,1,0,2
BRDA:9,1,1,6
BRDA:9,2,0,8
BRDA:9,2,1,2
BRDA:12,3,0,5
BRDA:12,3,1,1
BRDA:22,4,0,3
BRDA:22,4,1,1
BRDA:23,5,0,3
BRDA:23,5,1,1
BRDA:24,6,0,3
BRDA:24,6,1,1
BRDA:25,7,0,3
BRDA:25,7,1,1
BRDA:39,8,0,3
BRDA:39,8,1,2
BRDA:44,9,0,1
BRDA:44,9,1,1
BRDA:55,10,0,1
BRDA:55,10,1,3
BRF:22
BRH:22
end_of_record
TN:
SF:src/utils/layout.ts
FN:15,(anonymous_0)
FNF:1
FNH:1
FNDA:20,(anonymous_0)
DA:2,3
DA:13,3
DA:15,24
DA:18,3
DA:19,3
LF:5
LH:5
BRDA:15,0,0,4
BRDA:15,0,1,16
BRF:2
BRH:2
end_of_record
